2017-11-23 13:47:06.321  [main] INFO  o.s.c.a.AnnotationConfigApplicationContext - Refreshing org.springframework.context.annotation.AnnotationConfigApplicationContext@662ac478: startup date [Thu Nov 23 13:47:06 CST 2017]; root of context hierarchy
2017-11-23 13:47:06.633  [main] INFO  o.s.b.f.a.AutowiredAnnotationBeanPostProcessor - JSR-330 'javax.inject.Inject' annotation found and supported for autowiring
2017-11-23 13:47:06.669  [main] INFO  o.s.c.s.PostProcessorRegistrationDelegate$BeanPostProcessorChecker - Bean 'configurationPropertiesRebinderAutoConfiguration' of type [org.springframework.cloud.autoconfigure.ConfigurationPropertiesRebinderAutoConfiguration$$EnhancerBySpringCGLIB$$ac375347] is not eligible for getting processed by all BeanPostProcessors (for example: not eligible for auto-proxying)
2017-11-23 13:47:06.973  [main] INFO  c.z.m.s.ServiceCustomerplanApplication - No active profile set, falling back to default profiles: default
2017-11-23 13:47:06.981  [main] INFO  o.s.b.c.e.AnnotationConfigEmbeddedWebApplicationContext - Refreshing org.springframework.boot.context.embedded.AnnotationConfigEmbeddedWebApplicationContext@63b1d4fa: startup date [Thu Nov 23 13:47:06 CST 2017]; parent: org.springframework.context.annotation.AnnotationConfigApplicationContext@662ac478
2017-11-23 13:47:07.892  [main] INFO  o.s.cloud.context.scope.GenericScope - BeanFactory id=fb8f6363-db2f-3518-8a76-e100535f7ee7
2017-11-23 13:47:07.902  [main] INFO  o.s.b.f.a.AutowiredAnnotationBeanPostProcessor - JSR-330 'javax.inject.Inject' annotation found and supported for autowiring
2017-11-23 13:47:07.962  [main] INFO  o.s.c.s.PostProcessorRegistrationDelegate$BeanPostProcessorChecker - Bean 'org.springframework.cloud.autoconfigure.ConfigurationPropertiesRebinderAutoConfiguration' of type [org.springframework.cloud.autoconfigure.ConfigurationPropertiesRebinderAutoConfiguration$$EnhancerBySpringCGLIB$$ac375347] is not eligible for getting processed by all BeanPostProcessors (for example: not eligible for auto-proxying)
2017-11-23 13:47:07.967  [main] INFO  o.s.c.s.PostProcessorRegistrationDelegate$BeanPostProcessorChecker - Bean 'org.springframework.transaction.annotation.ProxyTransactionManagementConfiguration' of type [org.springframework.transaction.annotation.ProxyTransactionManagementConfiguration$$EnhancerBySpringCGLIB$$901d504a] is not eligible for getting processed by all BeanPostProcessors (for example: not eligible for auto-proxying)
2017-11-23 13:47:08.306  [main] INFO  o.s.b.c.e.t.TomcatEmbeddedServletContainer - Tomcat initialized with port(s): 8768 (http)
2017-11-23 13:47:08.313  [main] INFO  o.a.catalina.core.StandardService - Starting service [Tomcat]
2017-11-23 13:47:08.315  [main] INFO  o.a.catalina.core.StandardEngine - Starting Servlet Engine: Apache Tomcat/8.5.23
2017-11-23 13:47:08.407  [localhost-startStop-1] INFO  o.a.c.c.C.[Tomcat].[localhost].[/] - Initializing Spring embedded WebApplicationContext
2017-11-23 13:47:08.407  [localhost-startStop-1] INFO  o.s.web.context.ContextLoader - Root WebApplicationContext: initialization completed in 1426 ms
2017-11-23 13:47:08.492  [localhost-startStop-1] INFO  o.s.b.w.s.ServletRegistrationBean - Mapping servlet: 'dispatcherServlet' to [/]
2017-11-23 13:47:08.492  [localhost-startStop-1] INFO  o.s.b.w.s.FilterRegistrationBean - Mapping filter: 'characterEncodingFilter' to: [/*]
2017-11-23 13:47:08.492  [localhost-startStop-1] INFO  o.s.b.w.s.FilterRegistrationBean - Mapping filter: 'hiddenHttpMethodFilter' to: [/*]
2017-11-23 13:47:08.492  [localhost-startStop-1] INFO  o.s.b.w.s.FilterRegistrationBean - Mapping filter: 'httpPutFormContentFilter' to: [/*]
2017-11-23 13:47:08.492  [localhost-startStop-1] INFO  o.s.b.w.s.FilterRegistrationBean - Mapping filter: 'requestContextFilter' to: [/*]
2017-11-23 13:47:08.820  [main] WARN  c.n.c.sources.URLConfigurationSource - No URLs will be polled as dynamic configuration sources.
2017-11-23 13:47:08.820  [main] INFO  c.n.c.sources.URLConfigurationSource - To enable URLs as dynamic configuration sources, define System property archaius.configurationSource.additionalUrls or make config.properties available on classpath.
2017-11-23 13:47:08.835  [main] WARN  c.n.c.sources.URLConfigurationSource - No URLs will be polled as dynamic configuration sources.
2017-11-23 13:47:08.835  [main] INFO  c.n.c.sources.URLConfigurationSource - To enable URLs as dynamic configuration sources, define System property archaius.configurationSource.additionalUrls or make config.properties available on classpath.
2017-11-23 13:47:08.992  [main] INFO  o.s.w.s.m.m.a.RequestMappingHandlerAdapter - Looking for @ControllerAdvice: org.springframework.boot.context.embedded.AnnotationConfigEmbeddedWebApplicationContext@63b1d4fa: startup date [Thu Nov 23 13:47:06 CST 2017]; parent: org.springframework.context.annotation.AnnotationConfigApplicationContext@662ac478
2017-11-23 13:47:09.023  [main] INFO  o.s.w.s.m.m.a.RequestMappingHandlerMapping - Mapped "{[/getAllCustomerPlanByCustomerId],methods=[GET]}" onto public java.util.List<com.zhuri.microservices.servicecustomerplan.CustomerPlan> com.zhuri.microservices.servicecustomerplan.CustomerPlanController.getAllCustomerPlanByCustomerId(int)
2017-11-23 13:47:09.023  [main] INFO  o.s.w.s.m.m.a.RequestMappingHandlerMapping - Mapped "{[/setCustomerPlanStatus],methods=[GET]}" onto public int com.zhuri.microservices.servicecustomerplan.CustomerPlanController.setCustomerPlanStatus(int,int)
2017-11-23 13:47:09.023  [main] INFO  o.s.w.s.m.m.a.RequestMappingHandlerMapping - Mapped "{[/addCustomerPlan],methods=[POST]}" onto public int com.zhuri.microservices.servicecustomerplan.CustomerPlanController.addCustomerPlan(com.zhuri.microservices.servicecustomerplan.CustomerPlan,org.springframework.validation.BindingResult)
2017-11-23 13:47:09.023  [main] INFO  o.s.w.s.m.m.a.RequestMappingHandlerMapping - Mapped "{[/addCustomerPlanEvent],methods=[POST]}" onto public int com.zhuri.microservices.servicecustomerplan.CustomerPlanEventController.addCustomerPlanEvent(java.util.List<com.zhuri.microservices.servicecustomerplan.CustomerPlanEvent>,org.springframework.validation.BindingResult)
2017-11-23 13:47:09.023  [main] INFO  o.s.w.s.m.m.a.RequestMappingHandlerMapping - Mapped "{[/getCustomerPlanEventByCustomerPlanId],methods=[GET]}" onto public java.util.List<com.zhuri.microservices.servicecustomerplan.CustomerPlanEvent> com.zhuri.microservices.servicecustomerplan.CustomerPlanEventController.getCustomerPlanEventByCustomerPlanId(int)
2017-11-23 13:47:09.023  [main] INFO  o.s.w.s.m.m.a.RequestMappingHandlerMapping - Mapped "{[/getUITreeAndUINode],methods=[GET]}" onto public java.util.List<com.zhuri.microservices.servicecustomerplan.EventTypeTree> com.zhuri.microservices.servicecustomerplan.EventController.getUITreeAndUINode()
2017-11-23 13:47:09.023  [main] INFO  o.s.w.s.m.m.a.RequestMappingHandlerMapping - Mapped "{[/addCustomerPlanEvent],methods=[GET]}" onto public java.lang.String com.zhuri.microservices.servicecustomerplan.UIController.addCustomerPlanEvent()
2017-11-23 13:47:09.023  [main] INFO  o.s.w.s.m.m.a.RequestMappingHandlerMapping - Mapped "{[/addCustomerPlan],methods=[GET]}" onto public java.lang.String com.zhuri.microservices.servicecustomerplan.UIController.addCustomerPlan()
2017-11-23 13:47:09.023  [main] INFO  o.s.w.s.m.m.a.RequestMappingHandlerMapping - Mapped "{[/error]}" onto public org.springframework.http.ResponseEntity<java.util.Map<java.lang.String, java.lang.Object>> org.springframework.boot.autoconfigure.web.BasicErrorController.error(javax.servlet.http.HttpServletRequest)
2017-11-23 13:47:09.023  [main] INFO  o.s.w.s.m.m.a.RequestMappingHandlerMapping - Mapped "{[/error],produces=[text/html]}" onto public org.springframework.web.servlet.ModelAndView org.springframework.boot.autoconfigure.web.BasicErrorController.errorHtml(javax.servlet.http.HttpServletRequest,javax.servlet.http.HttpServletResponse)
2017-11-23 13:47:09.054  [main] INFO  o.s.w.s.h.SimpleUrlHandlerMapping - Mapped URL path [/webjars/**] onto handler of type [class org.springframework.web.servlet.resource.ResourceHttpRequestHandler]
2017-11-23 13:47:09.054  [main] INFO  o.s.w.s.h.SimpleUrlHandlerMapping - Mapped URL path [/**] onto handler of type [class org.springframework.web.servlet.resource.ResourceHttpRequestHandler]
2017-11-23 13:47:09.084  [main] INFO  o.s.w.s.h.SimpleUrlHandlerMapping - Mapped URL path [/**/favicon.ico] onto handler of type [class org.springframework.web.servlet.resource.ResourceHttpRequestHandler]
2017-11-23 13:47:09.917  [main] INFO  o.s.j.e.a.AnnotationMBeanExporter - Registering beans for JMX exposure on startup
2017-11-23 13:47:09.917  [main] INFO  o.s.j.e.a.AnnotationMBeanExporter - Bean with name 'environmentManager' has been autodetected for JMX exposure
2017-11-23 13:47:09.917  [main] INFO  o.s.j.e.a.AnnotationMBeanExporter - Bean with name 'configurationPropertiesRebinder' has been autodetected for JMX exposure
2017-11-23 13:47:09.917  [main] INFO  o.s.j.e.a.AnnotationMBeanExporter - Bean with name 'refreshScope' has been autodetected for JMX exposure
2017-11-23 13:47:09.917  [main] INFO  o.s.j.e.a.AnnotationMBeanExporter - Located managed bean 'environmentManager': registering with JMX server as MBean [org.springframework.cloud.context.environment:name=environmentManager,type=EnvironmentManager]
2017-11-23 13:47:09.933  [main] INFO  o.s.j.e.a.AnnotationMBeanExporter - Located managed bean 'refreshScope': registering with JMX server as MBean [org.springframework.cloud.context.scope.refresh:name=refreshScope,type=RefreshScope]
2017-11-23 13:47:09.933  [main] INFO  o.s.j.e.a.AnnotationMBeanExporter - Located managed bean 'configurationPropertiesRebinder': registering with JMX server as MBean [org.springframework.cloud.context.properties:name=configurationPropertiesRebinder,context=63b1d4fa,type=ConfigurationPropertiesRebinder]
2017-11-23 13:47:10.058  [main] INFO  o.s.b.c.e.t.TomcatEmbeddedServletContainer - Tomcat started on port(s): 8768 (http)
2017-11-23 13:47:10.058  [main] INFO  c.z.m.s.ServiceCustomerplanApplication - Started ServiceCustomerplanApplication in 4.664 seconds (JVM running for 9.338)
2017-11-23 13:47:29.178  [http-nio-8768-exec-5] INFO  o.a.c.c.C.[Tomcat].[localhost].[/] - Initializing Spring FrameworkServlet 'dispatcherServlet'
2017-11-23 13:47:29.179  [http-nio-8768-exec-5] INFO  o.s.web.servlet.DispatcherServlet - FrameworkServlet 'dispatcherServlet': initialization started
2017-11-23 13:47:29.198  [http-nio-8768-exec-5] INFO  o.s.web.servlet.DispatcherServlet - FrameworkServlet 'dispatcherServlet': initialization completed in 19 ms
2017-11-23 14:45:26.474  [main] INFO  o.s.c.a.AnnotationConfigApplicationContext - Refreshing org.springframework.context.annotation.AnnotationConfigApplicationContext@6743e411: startup date [Thu Nov 23 14:45:26 CST 2017]; root of context hierarchy
2017-11-23 14:45:26.630  [main] INFO  o.s.b.f.a.AutowiredAnnotationBeanPostProcessor - JSR-330 'javax.inject.Inject' annotation found and supported for autowiring
2017-11-23 14:45:26.646  [main] INFO  o.s.c.s.PostProcessorRegistrationDelegate$BeanPostProcessorChecker - Bean 'configurationPropertiesRebinderAutoConfiguration' of type [org.springframework.cloud.autoconfigure.ConfigurationPropertiesRebinderAutoConfiguration$$EnhancerBySpringCGLIB$$c923b830] is not eligible for getting processed by all BeanPostProcessors (for example: not eligible for auto-proxying)
2017-11-23 14:45:26.818  [main] INFO  c.z.m.s.ServiceCustomerplanApplication - No active profile set, falling back to default profiles: default
2017-11-23 14:45:26.833  [main] INFO  o.s.b.c.e.AnnotationConfigEmbeddedWebApplicationContext - Refreshing org.springframework.boot.context.embedded.AnnotationConfigEmbeddedWebApplicationContext@42e3ede4: startup date [Thu Nov 23 14:45:26 CST 2017]; parent: org.springframework.context.annotation.AnnotationConfigApplicationContext@6743e411
2017-11-23 14:45:27.224  [main] INFO  o.s.cloud.context.scope.GenericScope - BeanFactory id=fb8f6363-db2f-3518-8a76-e100535f7ee7
2017-11-23 14:45:27.239  [main] INFO  o.s.b.f.a.AutowiredAnnotationBeanPostProcessor - JSR-330 'javax.inject.Inject' annotation found and supported for autowiring
2017-11-23 14:45:27.271  [main] INFO  o.s.c.s.PostProcessorRegistrationDelegate$BeanPostProcessorChecker - Bean 'org.springframework.cloud.autoconfigure.ConfigurationPropertiesRebinderAutoConfiguration' of type [org.springframework.cloud.autoconfigure.ConfigurationPropertiesRebinderAutoConfiguration$$EnhancerBySpringCGLIB$$c923b830] is not eligible for getting processed by all BeanPostProcessors (for example: not eligible for auto-proxying)
2017-11-23 14:45:27.271  [main] INFO  o.s.c.s.PostProcessorRegistrationDelegate$BeanPostProcessorChecker - Bean 'org.springframework.transaction.annotation.ProxyTransactionManagementConfiguration' of type [org.springframework.transaction.annotation.ProxyTransactionManagementConfiguration$$EnhancerBySpringCGLIB$$ad09b533] is not eligible for getting processed by all BeanPostProcessors (for example: not eligible for auto-proxying)
2017-11-23 14:45:27.458  [main] INFO  o.s.b.c.e.t.TomcatEmbeddedServletContainer - Tomcat initialized with port(s): 8768 (http)
2017-11-23 14:45:27.458  [main] INFO  o.a.catalina.core.StandardService - Starting service [Tomcat]
2017-11-23 14:45:27.458  [main] INFO  o.a.catalina.core.StandardEngine - Starting Servlet Engine: Apache Tomcat/8.5.23
2017-11-23 14:45:27.536  [localhost-startStop-1] INFO  o.a.c.c.C.[Tomcat].[localhost].[/] - Initializing Spring embedded WebApplicationContext
2017-11-23 14:45:27.536  [localhost-startStop-1] INFO  o.s.web.context.ContextLoader - Root WebApplicationContext: initialization completed in 703 ms
2017-11-23 14:45:27.599  [localhost-startStop-1] INFO  o.s.b.w.s.ServletRegistrationBean - Mapping servlet: 'dispatcherServlet' to [/]
2017-11-23 14:45:27.615  [localhost-startStop-1] INFO  o.s.b.w.s.FilterRegistrationBean - Mapping filter: 'characterEncodingFilter' to: [/*]
2017-11-23 14:45:27.615  [localhost-startStop-1] INFO  o.s.b.w.s.FilterRegistrationBean - Mapping filter: 'hiddenHttpMethodFilter' to: [/*]
2017-11-23 14:45:27.615  [localhost-startStop-1] INFO  o.s.b.w.s.FilterRegistrationBean - Mapping filter: 'httpPutFormContentFilter' to: [/*]
2017-11-23 14:45:27.615  [localhost-startStop-1] INFO  o.s.b.w.s.FilterRegistrationBean - Mapping filter: 'requestContextFilter' to: [/*]
2017-11-23 14:45:27.849  [main] WARN  c.n.c.sources.URLConfigurationSource - No URLs will be polled as dynamic configuration sources.
2017-11-23 14:45:27.849  [main] INFO  c.n.c.sources.URLConfigurationSource - To enable URLs as dynamic configuration sources, define System property archaius.configurationSource.additionalUrls or make config.properties available on classpath.
2017-11-23 14:45:27.849  [main] WARN  c.n.c.sources.URLConfigurationSource - No URLs will be polled as dynamic configuration sources.
2017-11-23 14:45:27.849  [main] INFO  c.n.c.sources.URLConfigurationSource - To enable URLs as dynamic configuration sources, define System property archaius.configurationSource.additionalUrls or make config.properties available on classpath.
2017-11-23 14:45:27.958  [main] INFO  o.s.w.s.m.m.a.RequestMappingHandlerAdapter - Looking for @ControllerAdvice: org.springframework.boot.context.embedded.AnnotationConfigEmbeddedWebApplicationContext@42e3ede4: startup date [Thu Nov 23 14:45:26 CST 2017]; parent: org.springframework.context.annotation.AnnotationConfigApplicationContext@6743e411
2017-11-23 14:45:27.974  [main] INFO  o.s.w.s.m.m.a.RequestMappingHandlerMapping - Mapped "{[/getAllCustomerPlansByCustomerId],methods=[GET]}" onto public java.util.List<com.zhuri.microservices.servicecustomerplan.CustomerPlan> com.zhuri.microservices.servicecustomerplan.CustomerPlanController.getAllCustomerPlansByCustomerId(int)
2017-11-23 14:45:27.990  [main] INFO  o.s.w.s.m.m.a.RequestMappingHandlerMapping - Mapped "{[/getCustomerPlansByStatus],methods=[GET]}" onto public java.util.List<com.zhuri.microservices.servicecustomerplan.CustomerPlan> com.zhuri.microservices.servicecustomerplan.CustomerPlanController.getCustomerPlansByStatus(int)
2017-11-23 14:45:27.990  [main] INFO  o.s.w.s.m.m.a.RequestMappingHandlerMapping - Mapped "{[/setCustomerPlanStatus],methods=[GET]}" onto public int com.zhuri.microservices.servicecustomerplan.CustomerPlanController.setCustomerPlanStatus(int,int)
2017-11-23 14:45:27.990  [main] INFO  o.s.w.s.m.m.a.RequestMappingHandlerMapping - Mapped "{[/addCustomerPlan],methods=[POST]}" onto public int com.zhuri.microservices.servicecustomerplan.CustomerPlanController.addCustomerPlan(com.zhuri.microservices.servicecustomerplan.CustomerPlan,org.springframework.validation.BindingResult)
2017-11-23 14:45:27.990  [main] INFO  o.s.w.s.m.m.a.RequestMappingHandlerMapping - Mapped "{[/getCustomerPlansByCustomerIdAndStatus],methods=[GET]}" onto public java.util.List<com.zhuri.microservices.servicecustomerplan.CustomerPlan> com.zhuri.microservices.servicecustomerplan.CustomerPlanController.getCustomerPlansByCustomerIdAndStatus(int,int)
2017-11-23 14:45:27.990  [main] INFO  o.s.w.s.m.m.a.RequestMappingHandlerMapping - Mapped "{[/addCustomerPlanEvent],methods=[POST]}" onto public int com.zhuri.microservices.servicecustomerplan.CustomerPlanEventController.addCustomerPlanEvent(java.util.List<com.zhuri.microservices.servicecustomerplan.CustomerPlanEvent>,org.springframework.validation.BindingResult)
2017-11-23 14:45:27.990  [main] INFO  o.s.w.s.m.m.a.RequestMappingHandlerMapping - Mapped "{[/getCustomerPlanEventByCustomerPlanId],methods=[GET]}" onto public java.util.List<com.zhuri.microservices.servicecustomerplan.CustomerPlanEvent> com.zhuri.microservices.servicecustomerplan.CustomerPlanEventController.getCustomerPlanEventByCustomerPlanId(int)
2017-11-23 14:45:27.990  [main] INFO  o.s.w.s.m.m.a.RequestMappingHandlerMapping - Mapped "{[/getUITreeAndUINode],methods=[GET]}" onto public java.util.List<com.zhuri.microservices.servicecustomerplan.EventTypeTree> com.zhuri.microservices.servicecustomerplan.EventController.getUITreeAndUINode()
2017-11-23 14:45:27.990  [main] INFO  o.s.w.s.m.m.a.RequestMappingHandlerMapping - Mapped "{[/addCustomerPlanEvent],methods=[GET]}" onto public java.lang.String com.zhuri.microservices.servicecustomerplan.UIController.addCustomerPlanEvent()
2017-11-23 14:45:27.990  [main] INFO  o.s.w.s.m.m.a.RequestMappingHandlerMapping - Mapped "{[/addCustomerPlan],methods=[GET]}" onto public java.lang.String com.zhuri.microservices.servicecustomerplan.UIController.addCustomerPlan()
2017-11-23 14:45:27.990  [main] INFO  o.s.w.s.m.m.a.RequestMappingHandlerMapping - Mapped "{[/error]}" onto public org.springframework.http.ResponseEntity<java.util.Map<java.lang.String, java.lang.Object>> org.springframework.boot.autoconfigure.web.BasicErrorController.error(javax.servlet.http.HttpServletRequest)
2017-11-23 14:45:27.990  [main] INFO  o.s.w.s.m.m.a.RequestMappingHandlerMapping - Mapped "{[/error],produces=[text/html]}" onto public org.springframework.web.servlet.ModelAndView org.springframework.boot.autoconfigure.web.BasicErrorController.errorHtml(javax.servlet.http.HttpServletRequest,javax.servlet.http.HttpServletResponse)
2017-11-23 14:45:28.036  [main] INFO  o.s.w.s.h.SimpleUrlHandlerMapping - Mapped URL path [/webjars/**] onto handler of type [class org.springframework.web.servlet.resource.ResourceHttpRequestHandler]
2017-11-23 14:45:28.036  [main] INFO  o.s.w.s.h.SimpleUrlHandlerMapping - Mapped URL path [/**] onto handler of type [class org.springframework.web.servlet.resource.ResourceHttpRequestHandler]
2017-11-23 14:45:28.052  [main] INFO  o.s.w.s.h.SimpleUrlHandlerMapping - Mapped URL path [/**/favicon.ico] onto handler of type [class org.springframework.web.servlet.resource.ResourceHttpRequestHandler]
2017-11-23 14:45:28.458  [main] INFO  o.s.j.e.a.AnnotationMBeanExporter - Registering beans for JMX exposure on startup
2017-11-23 14:45:28.458  [main] INFO  o.s.j.e.a.AnnotationMBeanExporter - Bean with name 'environmentManager' has been autodetected for JMX exposure
2017-11-23 14:45:28.458  [main] INFO  o.s.j.e.a.AnnotationMBeanExporter - Bean with name 'configurationPropertiesRebinder' has been autodetected for JMX exposure
2017-11-23 14:45:28.458  [main] INFO  o.s.j.e.a.AnnotationMBeanExporter - Bean with name 'refreshScope' has been autodetected for JMX exposure
2017-11-23 14:45:28.474  [main] INFO  o.s.j.e.a.AnnotationMBeanExporter - Located managed bean 'environmentManager': registering with JMX server as MBean [org.springframework.cloud.context.environment:name=environmentManager,type=EnvironmentManager]
2017-11-23 14:45:28.474  [main] INFO  o.s.j.e.a.AnnotationMBeanExporter - Located managed bean 'refreshScope': registering with JMX server as MBean [org.springframework.cloud.context.scope.refresh:name=refreshScope,type=RefreshScope]
2017-11-23 14:45:28.474  [main] INFO  o.s.j.e.a.AnnotationMBeanExporter - Located managed bean 'configurationPropertiesRebinder': registering with JMX server as MBean [org.springframework.cloud.context.properties:name=configurationPropertiesRebinder,context=42e3ede4,type=ConfigurationPropertiesRebinder]
2017-11-23 14:45:28.583  [main] INFO  o.s.b.c.e.t.TomcatEmbeddedServletContainer - Tomcat started on port(s): 8768 (http)
2017-11-23 14:45:28.583  [main] INFO  c.z.m.s.ServiceCustomerplanApplication - Started ServiceCustomerplanApplication in 2.547 seconds (JVM running for 2.969)
2017-11-23 14:46:18.084  [http-nio-8768-exec-2] INFO  o.a.c.c.C.[Tomcat].[localhost].[/] - Initializing Spring FrameworkServlet 'dispatcherServlet'
2017-11-23 14:46:18.084  [http-nio-8768-exec-2] INFO  o.s.web.servlet.DispatcherServlet - FrameworkServlet 'dispatcherServlet': initialization started
2017-11-23 14:46:18.087  [http-nio-8768-exec-2] INFO  o.s.web.servlet.DispatcherServlet - FrameworkServlet 'dispatcherServlet': initialization completed in 3 ms
2017-11-23 14:47:35.038  [http-nio-8768-exec-3] ERROR o.a.c.c.C.[.[.[.[dispatcherServlet] - Servlet.service() for servlet [dispatcherServlet] in context with path [] threw exception [Request processing failed; nested exception is org.mybatis.spring.MyBatisSystemException: nested exception is org.apache.ibatis.binding.BindingException: Parameter 'customerId' not found. Available parameters are [arg1, arg0, param1, param2]] with root cause
org.apache.ibatis.binding.BindingException: Parameter 'customerId' not found. Available parameters are [arg1, arg0, param1, param2]
	at org.apache.ibatis.binding.MapperMethod$ParamMap.get(MapperMethod.java:202)
	at org.apache.ibatis.reflection.wrapper.MapWrapper.get(MapWrapper.java:45)
	at org.apache.ibatis.reflection.MetaObject.getValue(MetaObject.java:122)
	at org.apache.ibatis.executor.BaseExecutor.createCacheKey(BaseExecutor.java:219)
	at org.apache.ibatis.executor.CachingExecutor.createCacheKey(CachingExecutor.java:146)
	at org.apache.ibatis.executor.CachingExecutor.query(CachingExecutor.java:82)
	at org.apache.ibatis.session.defaults.DefaultSqlSession.selectList(DefaultSqlSession.java:148)
	at org.apache.ibatis.session.defaults.DefaultSqlSession.selectList(DefaultSqlSession.java:141)
	at sun.reflect.NativeMethodAccessorImpl.invoke0(Native Method)
	at sun.reflect.NativeMethodAccessorImpl.invoke(NativeMethodAccessorImpl.java:62)
	at sun.reflect.DelegatingMethodAccessorImpl.invoke(DelegatingMethodAccessorImpl.java:43)
	at java.lang.reflect.Method.invoke(Method.java:498)
	at org.mybatis.spring.SqlSessionTemplate$SqlSessionInterceptor.invoke(SqlSessionTemplate.java:433)
	at com.sun.proxy.$Proxy71.selectList(Unknown Source)
	at org.mybatis.spring.SqlSessionTemplate.selectList(SqlSessionTemplate.java:230)
	at org.apache.ibatis.binding.MapperMethod.executeForMany(MapperMethod.java:137)
	at org.apache.ibatis.binding.MapperMethod.execute(MapperMethod.java:75)
	at org.apache.ibatis.binding.MapperProxy.invoke(MapperProxy.java:59)
	at com.sun.proxy.$Proxy77.getCustomerPlansByCustomerIdAndStatus(Unknown Source)
	at com.zhuri.microservices.servicecustomerplan.CustomerPlanService.getCustomerPlansByCustomerIdAndStatus(CustomerPlanService.java:30)
	at com.zhuri.microservices.servicecustomerplan.CustomerPlanController.getCustomerPlansByCustomerIdAndStatus(CustomerPlanController.java:39)
	at sun.reflect.NativeMethodAccessorImpl.invoke0(Native Method)
	at sun.reflect.NativeMethodAccessorImpl.invoke(NativeMethodAccessorImpl.java:62)
	at sun.reflect.DelegatingMethodAccessorImpl.invoke(DelegatingMethodAccessorImpl.java:43)
	at java.lang.reflect.Method.invoke(Method.java:498)
	at org.springframework.web.method.support.InvocableHandlerMethod.doInvoke(InvocableHandlerMethod.java:205)
	at org.springframework.web.method.support.InvocableHandlerMethod.invokeForRequest(InvocableHandlerMethod.java:133)
	at org.springframework.web.servlet.mvc.method.annotation.ServletInvocableHandlerMethod.invokeAndHandle(ServletInvocableHandlerMethod.java:97)
	at org.springframework.web.servlet.mvc.method.annotation.RequestMappingHandlerAdapter.invokeHandlerMethod(RequestMappingHandlerAdapter.java:827)
	at org.springframework.web.servlet.mvc.method.annotation.RequestMappingHandlerAdapter.handleInternal(RequestMappingHandlerAdapter.java:738)
	at org.springframework.web.servlet.mvc.method.AbstractHandlerMethodAdapter.handle(AbstractHandlerMethodAdapter.java:85)
	at org.springframework.web.servlet.DispatcherServlet.doDispatch(DispatcherServlet.java:967)
	at org.springframework.web.servlet.DispatcherServlet.doService(DispatcherServlet.java:901)
	at org.springframework.web.servlet.FrameworkServlet.processRequest(FrameworkServlet.java:970)
	at org.springframework.web.servlet.FrameworkServlet.doGet(FrameworkServlet.java:861)
	at javax.servlet.http.HttpServlet.service(HttpServlet.java:635)
	at org.springframework.web.servlet.FrameworkServlet.service(FrameworkServlet.java:846)
	at javax.servlet.http.HttpServlet.service(HttpServlet.java:742)
	at org.apache.catalina.core.ApplicationFilterChain.internalDoFilter(ApplicationFilterChain.java:231)
	at org.apache.catalina.core.ApplicationFilterChain.doFilter(ApplicationFilterChain.java:166)
	at org.apache.tomcat.websocket.server.WsFilter.doFilter(WsFilter.java:52)
	at org.apache.catalina.core.ApplicationFilterChain.internalDoFilter(ApplicationFilterChain.java:193)
	at org.apache.catalina.core.ApplicationFilterChain.doFilter(ApplicationFilterChain.java:166)
	at org.springframework.web.filter.RequestContextFilter.doFilterInternal(RequestContextFilter.java:99)
	at org.springframework.web.filter.OncePerRequestFilter.doFilter(OncePerRequestFilter.java:107)
	at org.apache.catalina.core.ApplicationFilterChain.internalDoFilter(ApplicationFilterChain.java:193)
	at org.apache.catalina.core.ApplicationFilterChain.doFilter(ApplicationFilterChain.java:166)
	at org.springframework.web.filter.HttpPutFormContentFilter.doFilterInternal(HttpPutFormContentFilter.java:108)
	at org.springframework.web.filter.OncePerRequestFilter.doFilter(OncePerRequestFilter.java:107)
	at org.apache.catalina.core.ApplicationFilterChain.internalDoFilter(ApplicationFilterChain.java:193)
	at org.apache.catalina.core.ApplicationFilterChain.doFilter(ApplicationFilterChain.java:166)
	at org.springframework.web.filter.HiddenHttpMethodFilter.doFilterInternal(HiddenHttpMethodFilter.java:81)
	at org.springframework.web.filter.OncePerRequestFilter.doFilter(OncePerRequestFilter.java:107)
	at org.apache.catalina.core.ApplicationFilterChain.internalDoFilter(ApplicationFilterChain.java:193)
	at org.apache.catalina.core.ApplicationFilterChain.doFilter(ApplicationFilterChain.java:166)
	at org.springframework.web.filter.CharacterEncodingFilter.doFilterInternal(CharacterEncodingFilter.java:197)
	at org.springframework.web.filter.OncePerRequestFilter.doFilter(OncePerRequestFilter.java:107)
	at org.apache.catalina.core.ApplicationFilterChain.internalDoFilter(ApplicationFilterChain.java:193)
	at org.apache.catalina.core.ApplicationFilterChain.doFilter(ApplicationFilterChain.java:166)
	at org.apache.catalina.core.StandardWrapperValve.invoke(StandardWrapperValve.java:199)
	at org.apache.catalina.core.StandardContextValve.invoke(StandardContextValve.java:96)
	at org.apache.catalina.authenticator.AuthenticatorBase.invoke(AuthenticatorBase.java:478)
	at org.apache.catalina.core.StandardHostValve.invoke(StandardHostValve.java:140)
	at org.apache.catalina.valves.ErrorReportValve.invoke(ErrorReportValve.java:81)
	at org.apache.catalina.core.StandardEngineValve.invoke(StandardEngineValve.java:87)
	at org.apache.catalina.connector.CoyoteAdapter.service(CoyoteAdapter.java:342)
	at org.apache.coyote.http11.Http11Processor.service(Http11Processor.java:803)
	at org.apache.coyote.AbstractProcessorLight.process(AbstractProcessorLight.java:66)
	at org.apache.coyote.AbstractProtocol$ConnectionHandler.process(AbstractProtocol.java:868)
	at org.apache.tomcat.util.net.NioEndpoint$SocketProcessor.doRun(NioEndpoint.java:1459)
	at org.apache.tomcat.util.net.SocketProcessorBase.run(SocketProcessorBase.java:49)
	at java.util.concurrent.ThreadPoolExecutor.runWorker(ThreadPoolExecutor.java:1149)
	at java.util.concurrent.ThreadPoolExecutor$Worker.run(ThreadPoolExecutor.java:624)
	at org.apache.tomcat.util.threads.TaskThread$WrappingRunnable.run(TaskThread.java:61)
	at java.lang.Thread.run(Thread.java:748)
2017-11-23 14:48:07.729  [http-nio-8768-exec-8] ERROR o.a.c.c.C.[.[.[.[dispatcherServlet] - Servlet.service() for servlet [dispatcherServlet] in context with path [] threw exception [Request processing failed; nested exception is org.mybatis.spring.MyBatisSystemException: nested exception is org.apache.ibatis.binding.BindingException: Parameter 'customerId' not found. Available parameters are [arg1, arg0, param1, param2]] with root cause
org.apache.ibatis.binding.BindingException: Parameter 'customerId' not found. Available parameters are [arg1, arg0, param1, param2]
	at org.apache.ibatis.binding.MapperMethod$ParamMap.get(MapperMethod.java:202)
	at org.apache.ibatis.reflection.wrapper.MapWrapper.get(MapWrapper.java:45)
	at org.apache.ibatis.reflection.MetaObject.getValue(MetaObject.java:122)
	at org.apache.ibatis.executor.BaseExecutor.createCacheKey(BaseExecutor.java:219)
	at org.apache.ibatis.executor.CachingExecutor.createCacheKey(CachingExecutor.java:146)
	at org.apache.ibatis.executor.CachingExecutor.query(CachingExecutor.java:82)
	at org.apache.ibatis.session.defaults.DefaultSqlSession.selectList(DefaultSqlSession.java:148)
	at org.apache.ibatis.session.defaults.DefaultSqlSession.selectList(DefaultSqlSession.java:141)
	at sun.reflect.NativeMethodAccessorImpl.invoke0(Native Method)
	at sun.reflect.NativeMethodAccessorImpl.invoke(NativeMethodAccessorImpl.java:62)
	at sun.reflect.DelegatingMethodAccessorImpl.invoke(DelegatingMethodAccessorImpl.java:43)
	at java.lang.reflect.Method.invoke(Method.java:498)
	at org.mybatis.spring.SqlSessionTemplate$SqlSessionInterceptor.invoke(SqlSessionTemplate.java:433)
	at com.sun.proxy.$Proxy71.selectList(Unknown Source)
	at org.mybatis.spring.SqlSessionTemplate.selectList(SqlSessionTemplate.java:230)
	at org.apache.ibatis.binding.MapperMethod.executeForMany(MapperMethod.java:137)
	at org.apache.ibatis.binding.MapperMethod.execute(MapperMethod.java:75)
	at org.apache.ibatis.binding.MapperProxy.invoke(MapperProxy.java:59)
	at com.sun.proxy.$Proxy77.getCustomerPlansByCustomerIdAndStatus(Unknown Source)
	at com.zhuri.microservices.servicecustomerplan.CustomerPlanService.getCustomerPlansByCustomerIdAndStatus(CustomerPlanService.java:30)
	at com.zhuri.microservices.servicecustomerplan.CustomerPlanController.getCustomerPlansByCustomerIdAndStatus(CustomerPlanController.java:39)
	at sun.reflect.NativeMethodAccessorImpl.invoke0(Native Method)
	at sun.reflect.NativeMethodAccessorImpl.invoke(NativeMethodAccessorImpl.java:62)
	at sun.reflect.DelegatingMethodAccessorImpl.invoke(DelegatingMethodAccessorImpl.java:43)
	at java.lang.reflect.Method.invoke(Method.java:498)
	at org.springframework.web.method.support.InvocableHandlerMethod.doInvoke(InvocableHandlerMethod.java:205)
	at org.springframework.web.method.support.InvocableHandlerMethod.invokeForRequest(InvocableHandlerMethod.java:133)
	at org.springframework.web.servlet.mvc.method.annotation.ServletInvocableHandlerMethod.invokeAndHandle(ServletInvocableHandlerMethod.java:97)
	at org.springframework.web.servlet.mvc.method.annotation.RequestMappingHandlerAdapter.invokeHandlerMethod(RequestMappingHandlerAdapter.java:827)
	at org.springframework.web.servlet.mvc.method.annotation.RequestMappingHandlerAdapter.handleInternal(RequestMappingHandlerAdapter.java:738)
	at org.springframework.web.servlet.mvc.method.AbstractHandlerMethodAdapter.handle(AbstractHandlerMethodAdapter.java:85)
	at org.springframework.web.servlet.DispatcherServlet.doDispatch(DispatcherServlet.java:967)
	at org.springframework.web.servlet.DispatcherServlet.doService(DispatcherServlet.java:901)
	at org.springframework.web.servlet.FrameworkServlet.processRequest(FrameworkServlet.java:970)
	at org.springframework.web.servlet.FrameworkServlet.doGet(FrameworkServlet.java:861)
	at javax.servlet.http.HttpServlet.service(HttpServlet.java:635)
	at org.springframework.web.servlet.FrameworkServlet.service(FrameworkServlet.java:846)
	at javax.servlet.http.HttpServlet.service(HttpServlet.java:742)
	at org.apache.catalina.core.ApplicationFilterChain.internalDoFilter(ApplicationFilterChain.java:231)
	at org.apache.catalina.core.ApplicationFilterChain.doFilter(ApplicationFilterChain.java:166)
	at org.apache.tomcat.websocket.server.WsFilter.doFilter(WsFilter.java:52)
	at org.apache.catalina.core.ApplicationFilterChain.internalDoFilter(ApplicationFilterChain.java:193)
	at org.apache.catalina.core.ApplicationFilterChain.doFilter(ApplicationFilterChain.java:166)
	at org.springframework.web.filter.RequestContextFilter.doFilterInternal(RequestContextFilter.java:99)
	at org.springframework.web.filter.OncePerRequestFilter.doFilter(OncePerRequestFilter.java:107)
	at org.apache.catalina.core.ApplicationFilterChain.internalDoFilter(ApplicationFilterChain.java:193)
	at org.apache.catalina.core.ApplicationFilterChain.doFilter(ApplicationFilterChain.java:166)
	at org.springframework.web.filter.HttpPutFormContentFilter.doFilterInternal(HttpPutFormContentFilter.java:108)
	at org.springframework.web.filter.OncePerRequestFilter.doFilter(OncePerRequestFilter.java:107)
	at org.apache.catalina.core.ApplicationFilterChain.internalDoFilter(ApplicationFilterChain.java:193)
	at org.apache.catalina.core.ApplicationFilterChain.doFilter(ApplicationFilterChain.java:166)
	at org.springframework.web.filter.HiddenHttpMethodFilter.doFilterInternal(HiddenHttpMethodFilter.java:81)
	at org.springframework.web.filter.OncePerRequestFilter.doFilter(OncePerRequestFilter.java:107)
	at org.apache.catalina.core.ApplicationFilterChain.internalDoFilter(ApplicationFilterChain.java:193)
	at org.apache.catalina.core.ApplicationFilterChain.doFilter(ApplicationFilterChain.java:166)
	at org.springframework.web.filter.CharacterEncodingFilter.doFilterInternal(CharacterEncodingFilter.java:197)
	at org.springframework.web.filter.OncePerRequestFilter.doFilter(OncePerRequestFilter.java:107)
	at org.apache.catalina.core.ApplicationFilterChain.internalDoFilter(ApplicationFilterChain.java:193)
	at org.apache.catalina.core.ApplicationFilterChain.doFilter(ApplicationFilterChain.java:166)
	at org.apache.catalina.core.StandardWrapperValve.invoke(StandardWrapperValve.java:199)
	at org.apache.catalina.core.StandardContextValve.invoke(StandardContextValve.java:96)
	at org.apache.catalina.authenticator.AuthenticatorBase.invoke(AuthenticatorBase.java:478)
	at org.apache.catalina.core.StandardHostValve.invoke(StandardHostValve.java:140)
	at org.apache.catalina.valves.ErrorReportValve.invoke(ErrorReportValve.java:81)
	at org.apache.catalina.core.StandardEngineValve.invoke(StandardEngineValve.java:87)
	at org.apache.catalina.connector.CoyoteAdapter.service(CoyoteAdapter.java:342)
	at org.apache.coyote.http11.Http11Processor.service(Http11Processor.java:803)
	at org.apache.coyote.AbstractProcessorLight.process(AbstractProcessorLight.java:66)
	at org.apache.coyote.AbstractProtocol$ConnectionHandler.process(AbstractProtocol.java:868)
	at org.apache.tomcat.util.net.NioEndpoint$SocketProcessor.doRun(NioEndpoint.java:1459)
	at org.apache.tomcat.util.net.SocketProcessorBase.run(SocketProcessorBase.java:49)
	at java.util.concurrent.ThreadPoolExecutor.runWorker(ThreadPoolExecutor.java:1149)
	at java.util.concurrent.ThreadPoolExecutor$Worker.run(ThreadPoolExecutor.java:624)
	at org.apache.tomcat.util.threads.TaskThread$WrappingRunnable.run(TaskThread.java:61)
	at java.lang.Thread.run(Thread.java:748)
2017-11-23 14:49:49.514  [http-nio-8768-exec-10] ERROR o.a.c.c.C.[.[.[.[dispatcherServlet] - Servlet.service() for servlet [dispatcherServlet] in context with path [] threw exception [Request processing failed; nested exception is org.mybatis.spring.MyBatisSystemException: nested exception is org.apache.ibatis.binding.BindingException: Parameter 'customerId' not found. Available parameters are [arg1, arg0, param1, param2]] with root cause
org.apache.ibatis.binding.BindingException: Parameter 'customerId' not found. Available parameters are [arg1, arg0, param1, param2]
	at org.apache.ibatis.binding.MapperMethod$ParamMap.get(MapperMethod.java:202)
	at org.apache.ibatis.reflection.wrapper.MapWrapper.get(MapWrapper.java:45)
	at org.apache.ibatis.reflection.MetaObject.getValue(MetaObject.java:122)
	at org.apache.ibatis.executor.BaseExecutor.createCacheKey(BaseExecutor.java:219)
	at org.apache.ibatis.executor.CachingExecutor.createCacheKey(CachingExecutor.java:146)
	at org.apache.ibatis.executor.CachingExecutor.query(CachingExecutor.java:82)
	at org.apache.ibatis.session.defaults.DefaultSqlSession.selectList(DefaultSqlSession.java:148)
	at org.apache.ibatis.session.defaults.DefaultSqlSession.selectList(DefaultSqlSession.java:141)
	at sun.reflect.NativeMethodAccessorImpl.invoke0(Native Method)
	at sun.reflect.NativeMethodAccessorImpl.invoke(NativeMethodAccessorImpl.java:62)
	at sun.reflect.DelegatingMethodAccessorImpl.invoke(DelegatingMethodAccessorImpl.java:43)
	at java.lang.reflect.Method.invoke(Method.java:498)
	at org.mybatis.spring.SqlSessionTemplate$SqlSessionInterceptor.invoke(SqlSessionTemplate.java:433)
	at com.sun.proxy.$Proxy71.selectList(Unknown Source)
	at org.mybatis.spring.SqlSessionTemplate.selectList(SqlSessionTemplate.java:230)
	at org.apache.ibatis.binding.MapperMethod.executeForMany(MapperMethod.java:137)
	at org.apache.ibatis.binding.MapperMethod.execute(MapperMethod.java:75)
	at org.apache.ibatis.binding.MapperProxy.invoke(MapperProxy.java:59)
	at com.sun.proxy.$Proxy77.getCustomerPlansByCustomerIdAndStatus(Unknown Source)
	at com.zhuri.microservices.servicecustomerplan.CustomerPlanService.getCustomerPlansByCustomerIdAndStatus(CustomerPlanService.java:30)
	at com.zhuri.microservices.servicecustomerplan.CustomerPlanController.getCustomerPlansByCustomerIdAndStatus(CustomerPlanController.java:39)
	at sun.reflect.NativeMethodAccessorImpl.invoke0(Native Method)
	at sun.reflect.NativeMethodAccessorImpl.invoke(NativeMethodAccessorImpl.java:62)
	at sun.reflect.DelegatingMethodAccessorImpl.invoke(DelegatingMethodAccessorImpl.java:43)
	at java.lang.reflect.Method.invoke(Method.java:498)
	at org.springframework.web.method.support.InvocableHandlerMethod.doInvoke(InvocableHandlerMethod.java:205)
	at org.springframework.web.method.support.InvocableHandlerMethod.invokeForRequest(InvocableHandlerMethod.java:133)
	at org.springframework.web.servlet.mvc.method.annotation.ServletInvocableHandlerMethod.invokeAndHandle(ServletInvocableHandlerMethod.java:97)
	at org.springframework.web.servlet.mvc.method.annotation.RequestMappingHandlerAdapter.invokeHandlerMethod(RequestMappingHandlerAdapter.java:827)
	at org.springframework.web.servlet.mvc.method.annotation.RequestMappingHandlerAdapter.handleInternal(RequestMappingHandlerAdapter.java:738)
	at org.springframework.web.servlet.mvc.method.AbstractHandlerMethodAdapter.handle(AbstractHandlerMethodAdapter.java:85)
	at org.springframework.web.servlet.DispatcherServlet.doDispatch(DispatcherServlet.java:967)
	at org.springframework.web.servlet.DispatcherServlet.doService(DispatcherServlet.java:901)
	at org.springframework.web.servlet.FrameworkServlet.processRequest(FrameworkServlet.java:970)
	at org.springframework.web.servlet.FrameworkServlet.doGet(FrameworkServlet.java:861)
	at javax.servlet.http.HttpServlet.service(HttpServlet.java:635)
	at org.springframework.web.servlet.FrameworkServlet.service(FrameworkServlet.java:846)
	at javax.servlet.http.HttpServlet.service(HttpServlet.java:742)
	at org.apache.catalina.core.ApplicationFilterChain.internalDoFilter(ApplicationFilterChain.java:231)
	at org.apache.catalina.core.ApplicationFilterChain.doFilter(ApplicationFilterChain.java:166)
	at org.apache.tomcat.websocket.server.WsFilter.doFilter(WsFilter.java:52)
	at org.apache.catalina.core.ApplicationFilterChain.internalDoFilter(ApplicationFilterChain.java:193)
	at org.apache.catalina.core.ApplicationFilterChain.doFilter(ApplicationFilterChain.java:166)
	at org.springframework.web.filter.RequestContextFilter.doFilterInternal(RequestContextFilter.java:99)
	at org.springframework.web.filter.OncePerRequestFilter.doFilter(OncePerRequestFilter.java:107)
	at org.apache.catalina.core.ApplicationFilterChain.internalDoFilter(ApplicationFilterChain.java:193)
	at org.apache.catalina.core.ApplicationFilterChain.doFilter(ApplicationFilterChain.java:166)
	at org.springframework.web.filter.HttpPutFormContentFilter.doFilterInternal(HttpPutFormContentFilter.java:108)
	at org.springframework.web.filter.OncePerRequestFilter.doFilter(OncePerRequestFilter.java:107)
	at org.apache.catalina.core.ApplicationFilterChain.internalDoFilter(ApplicationFilterChain.java:193)
	at org.apache.catalina.core.ApplicationFilterChain.doFilter(ApplicationFilterChain.java:166)
	at org.springframework.web.filter.HiddenHttpMethodFilter.doFilterInternal(HiddenHttpMethodFilter.java:81)
	at org.springframework.web.filter.OncePerRequestFilter.doFilter(OncePerRequestFilter.java:107)
	at org.apache.catalina.core.ApplicationFilterChain.internalDoFilter(ApplicationFilterChain.java:193)
	at org.apache.catalina.core.ApplicationFilterChain.doFilter(ApplicationFilterChain.java:166)
	at org.springframework.web.filter.CharacterEncodingFilter.doFilterInternal(CharacterEncodingFilter.java:197)
	at org.springframework.web.filter.OncePerRequestFilter.doFilter(OncePerRequestFilter.java:107)
	at org.apache.catalina.core.ApplicationFilterChain.internalDoFilter(ApplicationFilterChain.java:193)
	at org.apache.catalina.core.ApplicationFilterChain.doFilter(ApplicationFilterChain.java:166)
	at org.apache.catalina.core.StandardWrapperValve.invoke(StandardWrapperValve.java:199)
	at org.apache.catalina.core.StandardContextValve.invoke(StandardContextValve.java:96)
	at org.apache.catalina.authenticator.AuthenticatorBase.invoke(AuthenticatorBase.java:478)
	at org.apache.catalina.core.StandardHostValve.invoke(StandardHostValve.java:140)
	at org.apache.catalina.valves.ErrorReportValve.invoke(ErrorReportValve.java:81)
	at org.apache.catalina.core.StandardEngineValve.invoke(StandardEngineValve.java:87)
	at org.apache.catalina.connector.CoyoteAdapter.service(CoyoteAdapter.java:342)
	at org.apache.coyote.http11.Http11Processor.service(Http11Processor.java:803)
	at org.apache.coyote.AbstractProcessorLight.process(AbstractProcessorLight.java:66)
	at org.apache.coyote.AbstractProtocol$ConnectionHandler.process(AbstractProtocol.java:868)
	at org.apache.tomcat.util.net.NioEndpoint$SocketProcessor.doRun(NioEndpoint.java:1459)
	at org.apache.tomcat.util.net.SocketProcessorBase.run(SocketProcessorBase.java:49)
	at java.util.concurrent.ThreadPoolExecutor.runWorker(ThreadPoolExecutor.java:1149)
	at java.util.concurrent.ThreadPoolExecutor$Worker.run(ThreadPoolExecutor.java:624)
	at org.apache.tomcat.util.threads.TaskThread$WrappingRunnable.run(TaskThread.java:61)
	at java.lang.Thread.run(Thread.java:748)
2017-11-23 14:51:40.131  [main] INFO  o.s.c.a.AnnotationConfigApplicationContext - Refreshing org.springframework.context.annotation.AnnotationConfigApplicationContext@6743e411: startup date [Thu Nov 23 14:51:40 CST 2017]; root of context hierarchy
2017-11-23 14:51:40.288  [main] INFO  o.s.b.f.a.AutowiredAnnotationBeanPostProcessor - JSR-330 'javax.inject.Inject' annotation found and supported for autowiring
2017-11-23 14:51:40.291  [main] INFO  o.s.c.s.PostProcessorRegistrationDelegate$BeanPostProcessorChecker - Bean 'configurationPropertiesRebinderAutoConfiguration' of type [org.springframework.cloud.autoconfigure.ConfigurationPropertiesRebinderAutoConfiguration$$EnhancerBySpringCGLIB$$36c4e5c4] is not eligible for getting processed by all BeanPostProcessors (for example: not eligible for auto-proxying)
2017-11-23 14:51:40.459  [main] INFO  c.z.m.s.ServiceCustomerplanApplication - No active profile set, falling back to default profiles: default
2017-11-23 14:51:40.474  [main] INFO  o.s.b.c.e.AnnotationConfigEmbeddedWebApplicationContext - Refreshing org.springframework.boot.context.embedded.AnnotationConfigEmbeddedWebApplicationContext@75459c75: startup date [Thu Nov 23 14:51:40 CST 2017]; parent: org.springframework.context.annotation.AnnotationConfigApplicationContext@6743e411
2017-11-23 14:51:40.854  [main] INFO  o.s.cloud.context.scope.GenericScope - BeanFactory id=fb8f6363-db2f-3518-8a76-e100535f7ee7
2017-11-23 14:51:40.869  [main] INFO  o.s.b.f.a.AutowiredAnnotationBeanPostProcessor - JSR-330 'javax.inject.Inject' annotation found and supported for autowiring
2017-11-23 14:51:40.907  [main] INFO  o.s.c.s.PostProcessorRegistrationDelegate$BeanPostProcessorChecker - Bean 'org.springframework.cloud.autoconfigure.ConfigurationPropertiesRebinderAutoConfiguration' of type [org.springframework.cloud.autoconfigure.ConfigurationPropertiesRebinderAutoConfiguration$$EnhancerBySpringCGLIB$$36c4e5c4] is not eligible for getting processed by all BeanPostProcessors (for example: not eligible for auto-proxying)
2017-11-23 14:51:40.912  [main] INFO  o.s.c.s.PostProcessorRegistrationDelegate$BeanPostProcessorChecker - Bean 'org.springframework.transaction.annotation.ProxyTransactionManagementConfiguration' of type [org.springframework.transaction.annotation.ProxyTransactionManagementConfiguration$$EnhancerBySpringCGLIB$$1aaae2c7] is not eligible for getting processed by all BeanPostProcessors (for example: not eligible for auto-proxying)
2017-11-23 14:51:41.069  [main] INFO  o.s.b.c.e.t.TomcatEmbeddedServletContainer - Tomcat initialized with port(s): 8768 (http)
2017-11-23 14:51:41.085  [main] INFO  o.a.catalina.core.StandardService - Starting service [Tomcat]
2017-11-23 14:51:41.085  [main] INFO  o.a.catalina.core.StandardEngine - Starting Servlet Engine: Apache Tomcat/8.5.23
2017-11-23 14:51:41.162  [localhost-startStop-1] INFO  o.a.c.c.C.[Tomcat].[localhost].[/] - Initializing Spring embedded WebApplicationContext
2017-11-23 14:51:41.162  [localhost-startStop-1] INFO  o.s.web.context.ContextLoader - Root WebApplicationContext: initialization completed in 688 ms
2017-11-23 14:51:41.224  [localhost-startStop-1] INFO  o.s.b.w.s.ServletRegistrationBean - Mapping servlet: 'dispatcherServlet' to [/]
2017-11-23 14:51:41.224  [localhost-startStop-1] INFO  o.s.b.w.s.FilterRegistrationBean - Mapping filter: 'characterEncodingFilter' to: [/*]
2017-11-23 14:51:41.224  [localhost-startStop-1] INFO  o.s.b.w.s.FilterRegistrationBean - Mapping filter: 'hiddenHttpMethodFilter' to: [/*]
2017-11-23 14:51:41.224  [localhost-startStop-1] INFO  o.s.b.w.s.FilterRegistrationBean - Mapping filter: 'httpPutFormContentFilter' to: [/*]
2017-11-23 14:51:41.224  [localhost-startStop-1] INFO  o.s.b.w.s.FilterRegistrationBean - Mapping filter: 'requestContextFilter' to: [/*]
2017-11-23 14:51:41.459  [main] WARN  c.n.c.sources.URLConfigurationSource - No URLs will be polled as dynamic configuration sources.
2017-11-23 14:51:41.459  [main] INFO  c.n.c.sources.URLConfigurationSource - To enable URLs as dynamic configuration sources, define System property archaius.configurationSource.additionalUrls or make config.properties available on classpath.
2017-11-23 14:51:41.475  [main] WARN  c.n.c.sources.URLConfigurationSource - No URLs will be polled as dynamic configuration sources.
2017-11-23 14:51:41.475  [main] INFO  c.n.c.sources.URLConfigurationSource - To enable URLs as dynamic configuration sources, define System property archaius.configurationSource.additionalUrls or make config.properties available on classpath.
2017-11-23 14:51:41.567  [main] INFO  o.s.w.s.m.m.a.RequestMappingHandlerAdapter - Looking for @ControllerAdvice: org.springframework.boot.context.embedded.AnnotationConfigEmbeddedWebApplicationContext@75459c75: startup date [Thu Nov 23 14:51:40 CST 2017]; parent: org.springframework.context.annotation.AnnotationConfigApplicationContext@6743e411
2017-11-23 14:51:41.599  [main] INFO  o.s.w.s.m.m.a.RequestMappingHandlerMapping - Mapped "{[/addCustomerPlan],methods=[POST]}" onto public int com.zhuri.microservices.servicecustomerplan.CustomerPlanController.addCustomerPlan(com.zhuri.microservices.servicecustomerplan.CustomerPlan,org.springframework.validation.BindingResult)
2017-11-23 14:51:41.599  [main] INFO  o.s.w.s.m.m.a.RequestMappingHandlerMapping - Mapped "{[/getCustomerPlansByCustomerIdAndStatus],methods=[GET]}" onto public java.util.List<com.zhuri.microservices.servicecustomerplan.CustomerPlan> com.zhuri.microservices.servicecustomerplan.CustomerPlanController.getCustomerPlansByCustomerIdAndStatus(int,int)
2017-11-23 14:51:41.599  [main] INFO  o.s.w.s.m.m.a.RequestMappingHandlerMapping - Mapped "{[/setCustomerPlanStatus],methods=[GET]}" onto public int com.zhuri.microservices.servicecustomerplan.CustomerPlanController.setCustomerPlanStatus(int,int)
2017-11-23 14:51:41.599  [main] INFO  o.s.w.s.m.m.a.RequestMappingHandlerMapping - Mapped "{[/getAllCustomerPlansByCustomerId],methods=[GET]}" onto public java.util.List<com.zhuri.microservices.servicecustomerplan.CustomerPlan> com.zhuri.microservices.servicecustomerplan.CustomerPlanController.getAllCustomerPlansByCustomerId(int)
2017-11-23 14:51:41.599  [main] INFO  o.s.w.s.m.m.a.RequestMappingHandlerMapping - Mapped "{[/getCustomerPlansByStatus],methods=[GET]}" onto public java.util.List<com.zhuri.microservices.servicecustomerplan.CustomerPlan> com.zhuri.microservices.servicecustomerplan.CustomerPlanController.getCustomerPlansByStatus(int)
2017-11-23 14:51:41.599  [main] INFO  o.s.w.s.m.m.a.RequestMappingHandlerMapping - Mapped "{[/getCustomerPlanEventByCustomerPlanId],methods=[GET]}" onto public java.util.List<com.zhuri.microservices.servicecustomerplan.CustomerPlanEvent> com.zhuri.microservices.servicecustomerplan.CustomerPlanEventController.getCustomerPlanEventByCustomerPlanId(int)
2017-11-23 14:51:41.599  [main] INFO  o.s.w.s.m.m.a.RequestMappingHandlerMapping - Mapped "{[/addCustomerPlanEvent],methods=[POST]}" onto public int com.zhuri.microservices.servicecustomerplan.CustomerPlanEventController.addCustomerPlanEvent(java.util.List<com.zhuri.microservices.servicecustomerplan.CustomerPlanEvent>,org.springframework.validation.BindingResult)
2017-11-23 14:51:41.615  [main] INFO  o.s.w.s.m.m.a.RequestMappingHandlerMapping - Mapped "{[/getUITreeAndUINode],methods=[GET]}" onto public java.util.List<com.zhuri.microservices.servicecustomerplan.EventTypeTree> com.zhuri.microservices.servicecustomerplan.EventController.getUITreeAndUINode()
2017-11-23 14:51:41.615  [main] INFO  o.s.w.s.m.m.a.RequestMappingHandlerMapping - Mapped "{[/addCustomerPlan],methods=[GET]}" onto public java.lang.String com.zhuri.microservices.servicecustomerplan.UIController.addCustomerPlan()
2017-11-23 14:51:41.615  [main] INFO  o.s.w.s.m.m.a.RequestMappingHandlerMapping - Mapped "{[/addCustomerPlanEvent],methods=[GET]}" onto public java.lang.String com.zhuri.microservices.servicecustomerplan.UIController.addCustomerPlanEvent()
2017-11-23 14:51:41.616  [main] INFO  o.s.w.s.m.m.a.RequestMappingHandlerMapping - Mapped "{[/error]}" onto public org.springframework.http.ResponseEntity<java.util.Map<java.lang.String, java.lang.Object>> org.springframework.boot.autoconfigure.web.BasicErrorController.error(javax.servlet.http.HttpServletRequest)
2017-11-23 14:51:41.617  [main] INFO  o.s.w.s.m.m.a.RequestMappingHandlerMapping - Mapped "{[/error],produces=[text/html]}" onto public org.springframework.web.servlet.ModelAndView org.springframework.boot.autoconfigure.web.BasicErrorController.errorHtml(javax.servlet.http.HttpServletRequest,javax.servlet.http.HttpServletResponse)
2017-11-23 14:51:41.631  [main] INFO  o.s.w.s.h.SimpleUrlHandlerMapping - Mapped URL path [/webjars/**] onto handler of type [class org.springframework.web.servlet.resource.ResourceHttpRequestHandler]
2017-11-23 14:51:41.631  [main] INFO  o.s.w.s.h.SimpleUrlHandlerMapping - Mapped URL path [/**] onto handler of type [class org.springframework.web.servlet.resource.ResourceHttpRequestHandler]
2017-11-23 14:51:41.646  [main] INFO  o.s.w.s.h.SimpleUrlHandlerMapping - Mapped URL path [/**/favicon.ico] onto handler of type [class org.springframework.web.servlet.resource.ResourceHttpRequestHandler]
2017-11-23 14:51:42.084  [main] INFO  o.s.j.e.a.AnnotationMBeanExporter - Registering beans for JMX exposure on startup
2017-11-23 14:51:42.100  [main] INFO  o.s.j.e.a.AnnotationMBeanExporter - Bean with name 'environmentManager' has been autodetected for JMX exposure
2017-11-23 14:51:42.100  [main] INFO  o.s.j.e.a.AnnotationMBeanExporter - Bean with name 'configurationPropertiesRebinder' has been autodetected for JMX exposure
2017-11-23 14:51:42.100  [main] INFO  o.s.j.e.a.AnnotationMBeanExporter - Bean with name 'refreshScope' has been autodetected for JMX exposure
2017-11-23 14:51:42.100  [main] INFO  o.s.j.e.a.AnnotationMBeanExporter - Located managed bean 'environmentManager': registering with JMX server as MBean [org.springframework.cloud.context.environment:name=environmentManager,type=EnvironmentManager]
2017-11-23 14:51:42.100  [main] INFO  o.s.j.e.a.AnnotationMBeanExporter - Located managed bean 'refreshScope': registering with JMX server as MBean [org.springframework.cloud.context.scope.refresh:name=refreshScope,type=RefreshScope]
2017-11-23 14:51:42.117  [main] INFO  o.s.j.e.a.AnnotationMBeanExporter - Located managed bean 'configurationPropertiesRebinder': registering with JMX server as MBean [org.springframework.cloud.context.properties:name=configurationPropertiesRebinder,context=75459c75,type=ConfigurationPropertiesRebinder]
2017-11-23 14:51:42.209  [main] INFO  o.s.b.c.e.t.TomcatEmbeddedServletContainer - Tomcat started on port(s): 8768 (http)
2017-11-23 14:51:42.209  [main] INFO  c.z.m.s.ServiceCustomerplanApplication - Started ServiceCustomerplanApplication in 2.531 seconds (JVM running for 2.963)
2017-11-23 14:51:52.654  [http-nio-8768-exec-1] INFO  o.a.c.c.C.[Tomcat].[localhost].[/] - Initializing Spring FrameworkServlet 'dispatcherServlet'
2017-11-23 14:51:52.654  [http-nio-8768-exec-1] INFO  o.s.web.servlet.DispatcherServlet - FrameworkServlet 'dispatcherServlet': initialization started
2017-11-23 14:51:52.670  [http-nio-8768-exec-1] INFO  o.s.web.servlet.DispatcherServlet - FrameworkServlet 'dispatcherServlet': initialization completed in 16 ms
2017-11-23 15:39:35.269  [main] INFO  o.s.c.a.AnnotationConfigApplicationContext - Refreshing org.springframework.context.annotation.AnnotationConfigApplicationContext@662ac478: startup date [Thu Nov 23 15:39:35 CST 2017]; root of context hierarchy
2017-11-23 15:39:35.425  [main] INFO  o.s.b.f.a.AutowiredAnnotationBeanPostProcessor - JSR-330 'javax.inject.Inject' annotation found and supported for autowiring
2017-11-23 15:39:35.441  [main] INFO  o.s.c.s.PostProcessorRegistrationDelegate$BeanPostProcessorChecker - Bean 'configurationPropertiesRebinderAutoConfiguration' of type [org.springframework.cloud.autoconfigure.ConfigurationPropertiesRebinderAutoConfiguration$$EnhancerBySpringCGLIB$$ac375347] is not eligible for getting processed by all BeanPostProcessors (for example: not eligible for auto-proxying)
2017-11-23 15:39:35.613  [main] INFO  c.z.m.s.ServiceCustomerplanApplication - No active profile set, falling back to default profiles: default
2017-11-23 15:39:35.613  [main] INFO  o.s.b.c.e.AnnotationConfigEmbeddedWebApplicationContext - Refreshing org.springframework.boot.context.embedded.AnnotationConfigEmbeddedWebApplicationContext@63b1d4fa: startup date [Thu Nov 23 15:39:35 CST 2017]; parent: org.springframework.context.annotation.AnnotationConfigApplicationContext@662ac478
2017-11-23 15:39:36.011  [main] INFO  o.s.cloud.context.scope.GenericScope - BeanFactory id=fb8f6363-db2f-3518-8a76-e100535f7ee7
2017-11-23 15:39:36.011  [main] INFO  o.s.b.f.a.AutowiredAnnotationBeanPostProcessor - JSR-330 'javax.inject.Inject' annotation found and supported for autowiring
2017-11-23 15:39:36.058  [main] INFO  o.s.c.s.PostProcessorRegistrationDelegate$BeanPostProcessorChecker - Bean 'org.springframework.cloud.autoconfigure.ConfigurationPropertiesRebinderAutoConfiguration' of type [org.springframework.cloud.autoconfigure.ConfigurationPropertiesRebinderAutoConfiguration$$EnhancerBySpringCGLIB$$ac375347] is not eligible for getting processed by all BeanPostProcessors (for example: not eligible for auto-proxying)
2017-11-23 15:39:36.058  [main] INFO  o.s.c.s.PostProcessorRegistrationDelegate$BeanPostProcessorChecker - Bean 'org.springframework.transaction.annotation.ProxyTransactionManagementConfiguration' of type [org.springframework.transaction.annotation.ProxyTransactionManagementConfiguration$$EnhancerBySpringCGLIB$$901d504a] is not eligible for getting processed by all BeanPostProcessors (for example: not eligible for auto-proxying)
2017-11-23 15:39:36.277  [main] INFO  o.s.b.c.e.t.TomcatEmbeddedServletContainer - Tomcat initialized with port(s): 8768 (http)
2017-11-23 15:39:36.277  [main] INFO  o.a.catalina.core.StandardService - Starting service [Tomcat]
2017-11-23 15:39:36.277  [main] INFO  o.a.catalina.core.StandardEngine - Starting Servlet Engine: Apache Tomcat/8.5.23
2017-11-23 15:39:36.355  [localhost-startStop-1] INFO  o.a.c.c.C.[Tomcat].[localhost].[/] - Initializing Spring embedded WebApplicationContext
2017-11-23 15:39:36.355  [localhost-startStop-1] INFO  o.s.web.context.ContextLoader - Root WebApplicationContext: initialization completed in 742 ms
2017-11-23 15:39:36.438  [localhost-startStop-1] INFO  o.s.b.w.s.ServletRegistrationBean - Mapping servlet: 'dispatcherServlet' to [/]
2017-11-23 15:39:36.438  [localhost-startStop-1] INFO  o.s.b.w.s.FilterRegistrationBean - Mapping filter: 'characterEncodingFilter' to: [/*]
2017-11-23 15:39:36.438  [localhost-startStop-1] INFO  o.s.b.w.s.FilterRegistrationBean - Mapping filter: 'hiddenHttpMethodFilter' to: [/*]
2017-11-23 15:39:36.438  [localhost-startStop-1] INFO  o.s.b.w.s.FilterRegistrationBean - Mapping filter: 'httpPutFormContentFilter' to: [/*]
2017-11-23 15:39:36.438  [localhost-startStop-1] INFO  o.s.b.w.s.FilterRegistrationBean - Mapping filter: 'requestContextFilter' to: [/*]
2017-11-23 15:39:36.672  [main] WARN  c.n.c.sources.URLConfigurationSource - No URLs will be polled as dynamic configuration sources.
2017-11-23 15:39:36.672  [main] INFO  c.n.c.sources.URLConfigurationSource - To enable URLs as dynamic configuration sources, define System property archaius.configurationSource.additionalUrls or make config.properties available on classpath.
2017-11-23 15:39:36.688  [main] WARN  c.n.c.sources.URLConfigurationSource - No URLs will be polled as dynamic configuration sources.
2017-11-23 15:39:36.688  [main] INFO  c.n.c.sources.URLConfigurationSource - To enable URLs as dynamic configuration sources, define System property archaius.configurationSource.additionalUrls or make config.properties available on classpath.
2017-11-23 15:39:36.781  [main] INFO  o.s.w.s.m.m.a.RequestMappingHandlerAdapter - Looking for @ControllerAdvice: org.springframework.boot.context.embedded.AnnotationConfigEmbeddedWebApplicationContext@63b1d4fa: startup date [Thu Nov 23 15:39:35 CST 2017]; parent: org.springframework.context.annotation.AnnotationConfigApplicationContext@662ac478
2017-11-23 15:39:36.813  [main] INFO  o.s.w.s.m.m.a.RequestMappingHandlerMapping - Mapped "{[/getCustomerPlansByStatus],methods=[GET]}" onto public java.util.List<com.zhuri.microservices.servicecustomerplan.CustomerPlan> com.zhuri.microservices.servicecustomerplan.CustomerPlanController.getCustomerPlansByStatus(int)
2017-11-23 15:39:36.813  [main] INFO  o.s.w.s.m.m.a.RequestMappingHandlerMapping - Mapped "{[/getAllCustomerPlansByCustomerId],methods=[GET]}" onto public java.util.List<com.zhuri.microservices.servicecustomerplan.CustomerPlan> com.zhuri.microservices.servicecustomerplan.CustomerPlanController.getAllCustomerPlansByCustomerId(int)
2017-11-23 15:39:36.813  [main] INFO  o.s.w.s.m.m.a.RequestMappingHandlerMapping - Mapped "{[/setCustomerPlanStatus],methods=[GET]}" onto public int com.zhuri.microservices.servicecustomerplan.CustomerPlanController.setCustomerPlanStatus(int,int)
2017-11-23 15:39:36.813  [main] INFO  o.s.w.s.m.m.a.RequestMappingHandlerMapping - Mapped "{[/getCustomerPlansByCustomerIdAndStatus],methods=[GET]}" onto public java.util.List<com.zhuri.microservices.servicecustomerplan.CustomerPlan> com.zhuri.microservices.servicecustomerplan.CustomerPlanController.getCustomerPlansByCustomerIdAndStatus(int,int)
2017-11-23 15:39:36.813  [main] INFO  o.s.w.s.m.m.a.RequestMappingHandlerMapping - Mapped "{[/addCustomerPlan],methods=[POST]}" onto public int com.zhuri.microservices.servicecustomerplan.CustomerPlanController.addCustomerPlan(com.zhuri.microservices.servicecustomerplan.CustomerPlan,org.springframework.validation.BindingResult)
2017-11-23 15:39:36.813  [main] INFO  o.s.w.s.m.m.a.RequestMappingHandlerMapping - Mapped "{[/addCustomerPlanEvent],methods=[POST]}" onto public int com.zhuri.microservices.servicecustomerplan.CustomerPlanEventController.addCustomerPlanEvent(java.util.List<com.zhuri.microservices.servicecustomerplan.CustomerPlanEvent>,org.springframework.validation.BindingResult)
2017-11-23 15:39:36.813  [main] INFO  o.s.w.s.m.m.a.RequestMappingHandlerMapping - Mapped "{[/getCustomerPlanEventByCustomerPlanId],methods=[GET]}" onto public java.util.List<com.zhuri.microservices.servicecustomerplan.CustomerPlanEvent> com.zhuri.microservices.servicecustomerplan.CustomerPlanEventController.getCustomerPlanEventByCustomerPlanId(int)
2017-11-23 15:39:36.813  [main] INFO  o.s.w.s.m.m.a.RequestMappingHandlerMapping - Mapped "{[/getUITreeAndUINode],methods=[GET]}" onto public java.util.List<com.zhuri.microservices.servicecustomerplan.EventTypeTree> com.zhuri.microservices.servicecustomerplan.EventController.getUITreeAndUINode()
2017-11-23 15:39:36.813  [main] INFO  o.s.w.s.m.m.a.RequestMappingHandlerMapping - Mapped "{[/addCustomerPlanEvent],methods=[GET]}" onto public java.lang.String com.zhuri.microservices.servicecustomerplan.UIController.addCustomerPlanEvent()
2017-11-23 15:39:36.813  [main] INFO  o.s.w.s.m.m.a.RequestMappingHandlerMapping - Mapped "{[/addCustomerPlan],methods=[GET]}" onto public java.lang.String com.zhuri.microservices.servicecustomerplan.UIController.addCustomerPlan()
2017-11-23 15:39:36.813  [main] INFO  o.s.w.s.m.m.a.RequestMappingHandlerMapping - Mapped "{[/error]}" onto public org.springframework.http.ResponseEntity<java.util.Map<java.lang.String, java.lang.Object>> org.springframework.boot.autoconfigure.web.BasicErrorController.error(javax.servlet.http.HttpServletRequest)
2017-11-23 15:39:36.828  [main] INFO  o.s.w.s.m.m.a.RequestMappingHandlerMapping - Mapped "{[/error],produces=[text/html]}" onto public org.springframework.web.servlet.ModelAndView org.springframework.boot.autoconfigure.web.BasicErrorController.errorHtml(javax.servlet.http.HttpServletRequest,javax.servlet.http.HttpServletResponse)
2017-11-23 15:39:36.844  [main] INFO  o.s.w.s.h.SimpleUrlHandlerMapping - Mapped URL path [/webjars/**] onto handler of type [class org.springframework.web.servlet.resource.ResourceHttpRequestHandler]
2017-11-23 15:39:36.844  [main] INFO  o.s.w.s.h.SimpleUrlHandlerMapping - Mapped URL path [/**] onto handler of type [class org.springframework.web.servlet.resource.ResourceHttpRequestHandler]
2017-11-23 15:39:36.860  [main] INFO  o.s.w.s.h.SimpleUrlHandlerMapping - Mapped URL path [/**/favicon.ico] onto handler of type [class org.springframework.web.servlet.resource.ResourceHttpRequestHandler]
2017-11-23 15:39:37.298  [main] INFO  o.s.j.e.a.AnnotationMBeanExporter - Registering beans for JMX exposure on startup
2017-11-23 15:39:37.298  [main] INFO  o.s.j.e.a.AnnotationMBeanExporter - Bean with name 'environmentManager' has been autodetected for JMX exposure
2017-11-23 15:39:37.298  [main] INFO  o.s.j.e.a.AnnotationMBeanExporter - Bean with name 'configurationPropertiesRebinder' has been autodetected for JMX exposure
2017-11-23 15:39:37.298  [main] INFO  o.s.j.e.a.AnnotationMBeanExporter - Bean with name 'refreshScope' has been autodetected for JMX exposure
2017-11-23 15:39:37.298  [main] INFO  o.s.j.e.a.AnnotationMBeanExporter - Located managed bean 'environmentManager': registering with JMX server as MBean [org.springframework.cloud.context.environment:name=environmentManager,type=EnvironmentManager]
2017-11-23 15:39:37.313  [main] INFO  o.s.j.e.a.AnnotationMBeanExporter - Located managed bean 'refreshScope': registering with JMX server as MBean [org.springframework.cloud.context.scope.refresh:name=refreshScope,type=RefreshScope]
2017-11-23 15:39:37.313  [main] INFO  o.s.j.e.a.AnnotationMBeanExporter - Located managed bean 'configurationPropertiesRebinder': registering with JMX server as MBean [org.springframework.cloud.context.properties:name=configurationPropertiesRebinder,context=63b1d4fa,type=ConfigurationPropertiesRebinder]
2017-11-23 15:39:37.407  [main] INFO  o.s.b.c.e.t.TomcatEmbeddedServletContainer - Tomcat started on port(s): 8768 (http)
2017-11-23 15:39:37.407  [main] INFO  c.z.m.s.ServiceCustomerplanApplication - Started ServiceCustomerplanApplication in 2.613 seconds (JVM running for 3.041)
2017-11-23 15:40:00.358  [http-nio-8768-exec-2] INFO  o.a.c.c.C.[Tomcat].[localhost].[/] - Initializing Spring FrameworkServlet 'dispatcherServlet'
2017-11-23 15:40:00.359  [http-nio-8768-exec-2] INFO  o.s.web.servlet.DispatcherServlet - FrameworkServlet 'dispatcherServlet': initialization started
2017-11-23 15:40:00.372  [http-nio-8768-exec-2] INFO  o.s.web.servlet.DispatcherServlet - FrameworkServlet 'dispatcherServlet': initialization completed in 13 ms
2017-11-23 15:54:12.276  [main] INFO  o.s.c.a.AnnotationConfigApplicationContext - Refreshing org.springframework.context.annotation.AnnotationConfigApplicationContext@662ac478: startup date [Thu Nov 23 15:54:12 CST 2017]; root of context hierarchy
2017-11-23 15:54:12.432  [main] INFO  o.s.b.f.a.AutowiredAnnotationBeanPostProcessor - JSR-330 'javax.inject.Inject' annotation found and supported for autowiring
2017-11-23 15:54:12.448  [main] INFO  o.s.c.s.PostProcessorRegistrationDelegate$BeanPostProcessorChecker - Bean 'configurationPropertiesRebinderAutoConfiguration' of type [org.springframework.cloud.autoconfigure.ConfigurationPropertiesRebinderAutoConfiguration$$EnhancerBySpringCGLIB$$ac375347] is not eligible for getting processed by all BeanPostProcessors (for example: not eligible for auto-proxying)
2017-11-23 15:54:12.619  [main] INFO  c.z.m.s.ServiceCustomerplanApplication - No active profile set, falling back to default profiles: default
2017-11-23 15:54:12.619  [main] INFO  o.s.b.c.e.AnnotationConfigEmbeddedWebApplicationContext - Refreshing org.springframework.boot.context.embedded.AnnotationConfigEmbeddedWebApplicationContext@63b1d4fa: startup date [Thu Nov 23 15:54:12 CST 2017]; parent: org.springframework.context.annotation.AnnotationConfigApplicationContext@662ac478
2017-11-23 15:54:13.066  [main] INFO  o.s.cloud.context.scope.GenericScope - BeanFactory id=fb8f6363-db2f-3518-8a76-e100535f7ee7
2017-11-23 15:54:13.066  [main] INFO  o.s.b.f.a.AutowiredAnnotationBeanPostProcessor - JSR-330 'javax.inject.Inject' annotation found and supported for autowiring
2017-11-23 15:54:13.113  [main] INFO  o.s.c.s.PostProcessorRegistrationDelegate$BeanPostProcessorChecker - Bean 'org.springframework.cloud.autoconfigure.ConfigurationPropertiesRebinderAutoConfiguration' of type [org.springframework.cloud.autoconfigure.ConfigurationPropertiesRebinderAutoConfiguration$$EnhancerBySpringCGLIB$$ac375347] is not eligible for getting processed by all BeanPostProcessors (for example: not eligible for auto-proxying)
2017-11-23 15:54:13.113  [main] INFO  o.s.c.s.PostProcessorRegistrationDelegate$BeanPostProcessorChecker - Bean 'org.springframework.transaction.annotation.ProxyTransactionManagementConfiguration' of type [org.springframework.transaction.annotation.ProxyTransactionManagementConfiguration$$EnhancerBySpringCGLIB$$901d504a] is not eligible for getting processed by all BeanPostProcessors (for example: not eligible for auto-proxying)
2017-11-23 15:54:13.269  [main] INFO  o.s.b.c.e.t.TomcatEmbeddedServletContainer - Tomcat initialized with port(s): 8768 (http)
2017-11-23 15:54:13.285  [main] INFO  o.a.catalina.core.StandardService - Starting service [Tomcat]
2017-11-23 15:54:13.285  [main] INFO  o.a.catalina.core.StandardEngine - Starting Servlet Engine: Apache Tomcat/8.5.23
2017-11-23 15:54:13.363  [localhost-startStop-1] INFO  o.a.c.c.C.[Tomcat].[localhost].[/] - Initializing Spring embedded WebApplicationContext
2017-11-23 15:54:13.363  [localhost-startStop-1] INFO  o.s.web.context.ContextLoader - Root WebApplicationContext: initialization completed in 744 ms
2017-11-23 15:54:13.425  [localhost-startStop-1] INFO  o.s.b.w.s.ServletRegistrationBean - Mapping servlet: 'dispatcherServlet' to [/]
2017-11-23 15:54:13.441  [localhost-startStop-1] INFO  o.s.b.w.s.FilterRegistrationBean - Mapping filter: 'characterEncodingFilter' to: [/*]
2017-11-23 15:54:13.441  [localhost-startStop-1] INFO  o.s.b.w.s.FilterRegistrationBean - Mapping filter: 'hiddenHttpMethodFilter' to: [/*]
2017-11-23 15:54:13.441  [localhost-startStop-1] INFO  o.s.b.w.s.FilterRegistrationBean - Mapping filter: 'httpPutFormContentFilter' to: [/*]
2017-11-23 15:54:13.441  [localhost-startStop-1] INFO  o.s.b.w.s.FilterRegistrationBean - Mapping filter: 'requestContextFilter' to: [/*]
2017-11-23 15:54:13.673  [main] WARN  c.n.c.sources.URLConfigurationSource - No URLs will be polled as dynamic configuration sources.
2017-11-23 15:54:13.673  [main] INFO  c.n.c.sources.URLConfigurationSource - To enable URLs as dynamic configuration sources, define System property archaius.configurationSource.additionalUrls or make config.properties available on classpath.
2017-11-23 15:54:13.675  [main] WARN  c.n.c.sources.URLConfigurationSource - No URLs will be polled as dynamic configuration sources.
2017-11-23 15:54:13.675  [main] INFO  c.n.c.sources.URLConfigurationSource - To enable URLs as dynamic configuration sources, define System property archaius.configurationSource.additionalUrls or make config.properties available on classpath.
2017-11-23 15:54:13.769  [main] INFO  o.s.w.s.m.m.a.RequestMappingHandlerAdapter - Looking for @ControllerAdvice: org.springframework.boot.context.embedded.AnnotationConfigEmbeddedWebApplicationContext@63b1d4fa: startup date [Thu Nov 23 15:54:12 CST 2017]; parent: org.springframework.context.annotation.AnnotationConfigApplicationContext@662ac478
2017-11-23 15:54:13.800  [main] INFO  o.s.w.s.m.m.a.RequestMappingHandlerMapping - Mapped "{[/addCustomerPlan],methods=[POST]}" onto public int com.zhuri.microservices.servicecustomerplan.CustomerPlanController.addCustomerPlan(com.zhuri.microservices.servicecustomerplan.CustomerPlan,org.springframework.validation.BindingResult)
2017-11-23 15:54:13.800  [main] INFO  o.s.w.s.m.m.a.RequestMappingHandlerMapping - Mapped "{[/getCustomerPlansByCustomerIdAndStatus],methods=[GET]}" onto public java.util.List<com.zhuri.microservices.servicecustomerplan.CustomerPlan> com.zhuri.microservices.servicecustomerplan.CustomerPlanController.getCustomerPlansByCustomerIdAndStatus(int,int)
2017-11-23 15:54:13.800  [main] INFO  o.s.w.s.m.m.a.RequestMappingHandlerMapping - Mapped "{[/setCustomerPlanStatus],methods=[GET]}" onto public int com.zhuri.microservices.servicecustomerplan.CustomerPlanController.setCustomerPlanStatus(int,int)
2017-11-23 15:54:13.800  [main] INFO  o.s.w.s.m.m.a.RequestMappingHandlerMapping - Mapped "{[/getCustomerPlansByStatus],methods=[GET]}" onto public java.util.List<com.zhuri.microservices.servicecustomerplan.CustomerPlan> com.zhuri.microservices.servicecustomerplan.CustomerPlanController.getCustomerPlansByStatus(int)
2017-11-23 15:54:13.800  [main] INFO  o.s.w.s.m.m.a.RequestMappingHandlerMapping - Mapped "{[/getAllCustomerPlansByCustomerId],methods=[GET]}" onto public java.util.List<com.zhuri.microservices.servicecustomerplan.CustomerPlan> com.zhuri.microservices.servicecustomerplan.CustomerPlanController.getAllCustomerPlansByCustomerId(int)
2017-11-23 15:54:13.800  [main] INFO  o.s.w.s.m.m.a.RequestMappingHandlerMapping - Mapped "{[/getCustomerPlanEventByCustomerPlanId],methods=[GET]}" onto public java.util.List<com.zhuri.microservices.servicecustomerplan.CustomerPlanEvent> com.zhuri.microservices.servicecustomerplan.CustomerPlanEventController.getCustomerPlanEventByCustomerPlanId(int)
2017-11-23 15:54:13.800  [main] INFO  o.s.w.s.m.m.a.RequestMappingHandlerMapping - Mapped "{[/addCustomerPlanEvent],methods=[POST]}" onto public int com.zhuri.microservices.servicecustomerplan.CustomerPlanEventController.addCustomerPlanEvent(java.util.List<com.zhuri.microservices.servicecustomerplan.CustomerPlanEvent>,org.springframework.validation.BindingResult)
2017-11-23 15:54:13.800  [main] INFO  o.s.w.s.m.m.a.RequestMappingHandlerMapping - Mapped "{[/getUITreeAndUINode],methods=[GET]}" onto public java.util.List<com.zhuri.microservices.servicecustomerplan.EventTypeTree> com.zhuri.microservices.servicecustomerplan.EventController.getUITreeAndUINode()
2017-11-23 15:54:13.800  [main] INFO  o.s.w.s.m.m.a.RequestMappingHandlerMapping - Mapped "{[/addCustomerPlan],methods=[GET]}" onto public java.lang.String com.zhuri.microservices.servicecustomerplan.UIController.addCustomerPlan()
2017-11-23 15:54:13.800  [main] INFO  o.s.w.s.m.m.a.RequestMappingHandlerMapping - Mapped "{[/addCustomerPlanEvent],methods=[GET]}" onto public java.lang.String com.zhuri.microservices.servicecustomerplan.UIController.addCustomerPlanEvent()
2017-11-23 15:54:13.800  [main] INFO  o.s.w.s.m.m.a.RequestMappingHandlerMapping - Mapped "{[/error]}" onto public org.springframework.http.ResponseEntity<java.util.Map<java.lang.String, java.lang.Object>> org.springframework.boot.autoconfigure.web.BasicErrorController.error(javax.servlet.http.HttpServletRequest)
2017-11-23 15:54:13.816  [main] INFO  o.s.w.s.m.m.a.RequestMappingHandlerMapping - Mapped "{[/error],produces=[text/html]}" onto public org.springframework.web.servlet.ModelAndView org.springframework.boot.autoconfigure.web.BasicErrorController.errorHtml(javax.servlet.http.HttpServletRequest,javax.servlet.http.HttpServletResponse)
2017-11-23 15:54:13.829  [main] INFO  o.s.w.s.h.SimpleUrlHandlerMapping - Mapped URL path [/webjars/**] onto handler of type [class org.springframework.web.servlet.resource.ResourceHttpRequestHandler]
2017-11-23 15:54:13.829  [main] INFO  o.s.w.s.h.SimpleUrlHandlerMapping - Mapped URL path [/**] onto handler of type [class org.springframework.web.servlet.resource.ResourceHttpRequestHandler]
2017-11-23 15:54:13.845  [main] INFO  o.s.w.s.h.SimpleUrlHandlerMapping - Mapped URL path [/**/favicon.ico] onto handler of type [class org.springframework.web.servlet.resource.ResourceHttpRequestHandler]
2017-11-23 15:54:14.320  [main] INFO  o.s.j.e.a.AnnotationMBeanExporter - Registering beans for JMX exposure on startup
2017-11-23 15:54:14.320  [main] INFO  o.s.j.e.a.AnnotationMBeanExporter - Bean with name 'environmentManager' has been autodetected for JMX exposure
2017-11-23 15:54:14.320  [main] INFO  o.s.j.e.a.AnnotationMBeanExporter - Bean with name 'configurationPropertiesRebinder' has been autodetected for JMX exposure
2017-11-23 15:54:14.320  [main] INFO  o.s.j.e.a.AnnotationMBeanExporter - Bean with name 'refreshScope' has been autodetected for JMX exposure
2017-11-23 15:54:14.320  [main] INFO  o.s.j.e.a.AnnotationMBeanExporter - Located managed bean 'environmentManager': registering with JMX server as MBean [org.springframework.cloud.context.environment:name=environmentManager,type=EnvironmentManager]
2017-11-23 15:54:14.336  [main] INFO  o.s.j.e.a.AnnotationMBeanExporter - Located managed bean 'refreshScope': registering with JMX server as MBean [org.springframework.cloud.context.scope.refresh:name=refreshScope,type=RefreshScope]
2017-11-23 15:54:14.336  [main] INFO  o.s.j.e.a.AnnotationMBeanExporter - Located managed bean 'configurationPropertiesRebinder': registering with JMX server as MBean [org.springframework.cloud.context.properties:name=configurationPropertiesRebinder,context=63b1d4fa,type=ConfigurationPropertiesRebinder]
2017-11-23 15:54:14.445  [main] INFO  o.s.b.c.e.t.TomcatEmbeddedServletContainer - Tomcat started on port(s): 8768 (http)
2017-11-23 15:54:14.445  [main] INFO  c.z.m.s.ServiceCustomerplanApplication - Started ServiceCustomerplanApplication in 2.645 seconds (JVM running for 3.067)
2017-11-23 15:55:09.767  [http-nio-8768-exec-3] INFO  o.a.c.c.C.[Tomcat].[localhost].[/] - Initializing Spring FrameworkServlet 'dispatcherServlet'
2017-11-23 15:55:09.767  [http-nio-8768-exec-3] INFO  o.s.web.servlet.DispatcherServlet - FrameworkServlet 'dispatcherServlet': initialization started
2017-11-23 15:55:09.776  [http-nio-8768-exec-3] INFO  o.s.web.servlet.DispatcherServlet - FrameworkServlet 'dispatcherServlet': initialization completed in 9 ms
2017-11-23 19:23:07.535  [main] INFO  o.s.c.a.AnnotationConfigApplicationContext - Refreshing org.springframework.context.annotation.AnnotationConfigApplicationContext@6743e411: startup date [Thu Nov 23 19:23:07 CST 2017]; root of context hierarchy
2017-11-23 19:23:07.682  [main] INFO  o.s.b.f.a.AutowiredAnnotationBeanPostProcessor - JSR-330 'javax.inject.Inject' annotation found and supported for autowiring
2017-11-23 19:23:07.701  [main] INFO  o.s.c.s.PostProcessorRegistrationDelegate$BeanPostProcessorChecker - Bean 'configurationPropertiesRebinderAutoConfiguration' of type [org.springframework.cloud.autoconfigure.ConfigurationPropertiesRebinderAutoConfiguration$$EnhancerBySpringCGLIB$$36c4e5c4] is not eligible for getting processed by all BeanPostProcessors (for example: not eligible for auto-proxying)
2017-11-23 19:23:07.887  [main] INFO  c.z.m.s.ServiceCustomerplanApplication - No active profile set, falling back to default profiles: default
2017-11-23 19:23:07.893  [main] INFO  o.s.b.c.e.AnnotationConfigEmbeddedWebApplicationContext - Refreshing org.springframework.boot.context.embedded.AnnotationConfigEmbeddedWebApplicationContext@75459c75: startup date [Thu Nov 23 19:23:07 CST 2017]; parent: org.springframework.context.annotation.AnnotationConfigApplicationContext@6743e411
2017-11-23 19:23:08.385  [main] INFO  o.s.cloud.context.scope.GenericScope - BeanFactory id=fb8f6363-db2f-3518-8a76-e100535f7ee7
2017-11-23 19:23:08.396  [main] INFO  o.s.b.f.a.AutowiredAnnotationBeanPostProcessor - JSR-330 'javax.inject.Inject' annotation found and supported for autowiring
2017-11-23 19:23:08.434  [main] INFO  o.s.c.s.PostProcessorRegistrationDelegate$BeanPostProcessorChecker - Bean 'org.springframework.cloud.autoconfigure.ConfigurationPropertiesRebinderAutoConfiguration' of type [org.springframework.cloud.autoconfigure.ConfigurationPropertiesRebinderAutoConfiguration$$EnhancerBySpringCGLIB$$36c4e5c4] is not eligible for getting processed by all BeanPostProcessors (for example: not eligible for auto-proxying)
2017-11-23 19:23:08.439  [main] INFO  o.s.c.s.PostProcessorRegistrationDelegate$BeanPostProcessorChecker - Bean 'org.springframework.transaction.annotation.ProxyTransactionManagementConfiguration' of type [org.springframework.transaction.annotation.ProxyTransactionManagementConfiguration$$EnhancerBySpringCGLIB$$1aaae2c7] is not eligible for getting processed by all BeanPostProcessors (for example: not eligible for auto-proxying)
2017-11-23 19:23:08.608  [main] INFO  o.s.b.c.e.t.TomcatEmbeddedServletContainer - Tomcat initialized with port(s): 8768 (http)
2017-11-23 19:23:08.616  [main] INFO  o.a.catalina.core.StandardService - Starting service [Tomcat]
2017-11-23 19:23:08.617  [main] INFO  o.a.catalina.core.StandardEngine - Starting Servlet Engine: Apache Tomcat/8.5.23
2017-11-23 19:23:08.958  [localhost-startStop-1] INFO  o.a.c.c.C.[Tomcat].[localhost].[/] - Initializing Spring embedded WebApplicationContext
2017-11-23 19:23:08.959  [localhost-startStop-1] INFO  o.s.web.context.ContextLoader - Root WebApplicationContext: initialization completed in 1066 ms
2017-11-23 19:23:09.034  [localhost-startStop-1] INFO  o.s.b.w.s.ServletRegistrationBean - Mapping servlet: 'dispatcherServlet' to [/]
2017-11-23 19:23:09.038  [localhost-startStop-1] INFO  o.s.b.w.s.FilterRegistrationBean - Mapping filter: 'characterEncodingFilter' to: [/*]
2017-11-23 19:23:09.038  [localhost-startStop-1] INFO  o.s.b.w.s.FilterRegistrationBean - Mapping filter: 'hiddenHttpMethodFilter' to: [/*]
2017-11-23 19:23:09.038  [localhost-startStop-1] INFO  o.s.b.w.s.FilterRegistrationBean - Mapping filter: 'httpPutFormContentFilter' to: [/*]
2017-11-23 19:23:09.038  [localhost-startStop-1] INFO  o.s.b.w.s.FilterRegistrationBean - Mapping filter: 'requestContextFilter' to: [/*]
2017-11-23 19:23:09.282  [main] WARN  c.n.c.sources.URLConfigurationSource - No URLs will be polled as dynamic configuration sources.
2017-11-23 19:23:09.282  [main] INFO  c.n.c.sources.URLConfigurationSource - To enable URLs as dynamic configuration sources, define System property archaius.configurationSource.additionalUrls or make config.properties available on classpath.
2017-11-23 19:23:09.284  [main] WARN  c.n.c.sources.URLConfigurationSource - No URLs will be polled as dynamic configuration sources.
2017-11-23 19:23:09.284  [main] INFO  c.n.c.sources.URLConfigurationSource - To enable URLs as dynamic configuration sources, define System property archaius.configurationSource.additionalUrls or make config.properties available on classpath.
2017-11-23 19:23:09.404  [main] INFO  o.s.w.s.m.m.a.RequestMappingHandlerAdapter - Looking for @ControllerAdvice: org.springframework.boot.context.embedded.AnnotationConfigEmbeddedWebApplicationContext@75459c75: startup date [Thu Nov 23 19:23:07 CST 2017]; parent: org.springframework.context.annotation.AnnotationConfigApplicationContext@6743e411
2017-11-23 19:23:09.443  [main] INFO  o.s.w.s.m.m.a.RequestMappingHandlerMapping - Mapped "{[/setCustomerPlanStatus],methods=[GET]}" onto public int com.zhuri.microservices.servicecustomerplan.CustomerPlanController.setCustomerPlanStatus(int,int)
2017-11-23 19:23:09.444  [main] INFO  o.s.w.s.m.m.a.RequestMappingHandlerMapping - Mapped "{[/getAllCustomerPlansByCustomerId],methods=[GET]}" onto public java.util.List<com.zhuri.microservices.servicecustomerplan.CustomerPlan> com.zhuri.microservices.servicecustomerplan.CustomerPlanController.getAllCustomerPlansByCustomerId(int)
2017-11-23 19:23:09.444  [main] INFO  o.s.w.s.m.m.a.RequestMappingHandlerMapping - Mapped "{[/getCustomerPlansByStatus],methods=[GET]}" onto public java.util.List<com.zhuri.microservices.servicecustomerplan.CustomerPlan> com.zhuri.microservices.servicecustomerplan.CustomerPlanController.getCustomerPlansByStatus(int)
2017-11-23 19:23:09.444  [main] INFO  o.s.w.s.m.m.a.RequestMappingHandlerMapping - Mapped "{[/getCustomerPlansByCustomerIdAndStatus],methods=[GET]}" onto public java.util.List<com.zhuri.microservices.servicecustomerplan.CustomerPlan> com.zhuri.microservices.servicecustomerplan.CustomerPlanController.getCustomerPlansByCustomerIdAndStatus(int,int)
2017-11-23 19:23:09.444  [main] INFO  o.s.w.s.m.m.a.RequestMappingHandlerMapping - Mapped "{[/addCustomerPlan],methods=[POST]}" onto public int com.zhuri.microservices.servicecustomerplan.CustomerPlanController.addCustomerPlan(com.zhuri.microservices.servicecustomerplan.CustomerPlan,org.springframework.validation.BindingResult)
2017-11-23 19:23:09.445  [main] INFO  o.s.w.s.m.m.a.RequestMappingHandlerMapping - Mapped "{[/addCustomerPlanEvent],methods=[POST]}" onto public int com.zhuri.microservices.servicecustomerplan.CustomerPlanEventController.addCustomerPlanEvent(java.util.List<com.zhuri.microservices.servicecustomerplan.CustomerPlanEvent>,org.springframework.validation.BindingResult)
2017-11-23 19:23:09.445  [main] INFO  o.s.w.s.m.m.a.RequestMappingHandlerMapping - Mapped "{[/getCustomerPlanEventByCustomerPlanId],methods=[GET]}" onto public java.util.List<com.zhuri.microservices.servicecustomerplan.CustomerPlanEvent> com.zhuri.microservices.servicecustomerplan.CustomerPlanEventController.getCustomerPlanEventByCustomerPlanId(int)
2017-11-23 19:23:09.445  [main] INFO  o.s.w.s.m.m.a.RequestMappingHandlerMapping - Mapped "{[/getUITreeAndUINode],methods=[GET]}" onto public java.util.List<com.zhuri.microservices.servicecustomerplan.EventTypeTree> com.zhuri.microservices.servicecustomerplan.EventController.getUITreeAndUINode()
2017-11-23 19:23:09.446  [main] INFO  o.s.w.s.m.m.a.RequestMappingHandlerMapping - Mapped "{[/addCustomerPlanEvent],methods=[GET]}" onto public java.lang.String com.zhuri.microservices.servicecustomerplan.UIController.addCustomerPlanEvent()
2017-11-23 19:23:09.446  [main] INFO  o.s.w.s.m.m.a.RequestMappingHandlerMapping - Mapped "{[/addCustomerPlan],methods=[GET]}" onto public java.lang.String com.zhuri.microservices.servicecustomerplan.UIController.addCustomerPlan()
2017-11-23 19:23:09.447  [main] INFO  o.s.w.s.m.m.a.RequestMappingHandlerMapping - Mapped "{[/error]}" onto public org.springframework.http.ResponseEntity<java.util.Map<java.lang.String, java.lang.Object>> org.springframework.boot.autoconfigure.web.BasicErrorController.error(javax.servlet.http.HttpServletRequest)
2017-11-23 19:23:09.448  [main] INFO  o.s.w.s.m.m.a.RequestMappingHandlerMapping - Mapped "{[/error],produces=[text/html]}" onto public org.springframework.web.servlet.ModelAndView org.springframework.boot.autoconfigure.web.BasicErrorController.errorHtml(javax.servlet.http.HttpServletRequest,javax.servlet.http.HttpServletResponse)
2017-11-23 19:23:09.483  [main] INFO  o.s.w.s.h.SimpleUrlHandlerMapping - Mapped URL path [/webjars/**] onto handler of type [class org.springframework.web.servlet.resource.ResourceHttpRequestHandler]
2017-11-23 19:23:09.483  [main] INFO  o.s.w.s.h.SimpleUrlHandlerMapping - Mapped URL path [/**] onto handler of type [class org.springframework.web.servlet.resource.ResourceHttpRequestHandler]
2017-11-23 19:23:09.512  [main] INFO  o.s.w.s.h.SimpleUrlHandlerMapping - Mapped URL path [/**/favicon.ico] onto handler of type [class org.springframework.web.servlet.resource.ResourceHttpRequestHandler]
2017-11-23 19:23:10.143  [main] INFO  o.s.j.e.a.AnnotationMBeanExporter - Registering beans for JMX exposure on startup
2017-11-23 19:23:10.149  [main] INFO  o.s.j.e.a.AnnotationMBeanExporter - Bean with name 'environmentManager' has been autodetected for JMX exposure
2017-11-23 19:23:10.150  [main] INFO  o.s.j.e.a.AnnotationMBeanExporter - Bean with name 'configurationPropertiesRebinder' has been autodetected for JMX exposure
2017-11-23 19:23:10.151  [main] INFO  o.s.j.e.a.AnnotationMBeanExporter - Bean with name 'refreshScope' has been autodetected for JMX exposure
2017-11-23 19:23:10.152  [main] INFO  o.s.j.e.a.AnnotationMBeanExporter - Located managed bean 'environmentManager': registering with JMX server as MBean [org.springframework.cloud.context.environment:name=environmentManager,type=EnvironmentManager]
2017-11-23 19:23:10.161  [main] INFO  o.s.j.e.a.AnnotationMBeanExporter - Located managed bean 'refreshScope': registering with JMX server as MBean [org.springframework.cloud.context.scope.refresh:name=refreshScope,type=RefreshScope]
2017-11-23 19:23:10.168  [main] INFO  o.s.j.e.a.AnnotationMBeanExporter - Located managed bean 'configurationPropertiesRebinder': registering with JMX server as MBean [org.springframework.cloud.context.properties:name=configurationPropertiesRebinder,context=75459c75,type=ConfigurationPropertiesRebinder]
2017-11-23 19:23:10.310  [main] INFO  o.s.b.c.e.t.TomcatEmbeddedServletContainer - Tomcat started on port(s): 8768 (http)
2017-11-23 19:23:10.314  [main] INFO  c.z.m.s.ServiceCustomerplanApplication - Started ServiceCustomerplanApplication in 3.165 seconds (JVM running for 5.468)
2017-11-23 19:23:41.060  [http-nio-8768-exec-1] INFO  o.a.c.c.C.[Tomcat].[localhost].[/] - Initializing Spring FrameworkServlet 'dispatcherServlet'
2017-11-23 19:23:41.060  [http-nio-8768-exec-1] INFO  o.s.web.servlet.DispatcherServlet - FrameworkServlet 'dispatcherServlet': initialization started
2017-11-23 19:23:41.074  [http-nio-8768-exec-1] INFO  o.s.web.servlet.DispatcherServlet - FrameworkServlet 'dispatcherServlet': initialization completed in 13 ms
