2017-10-30 21:58:34.262  INFO 6820 --- [main] c.z.m.s.ServiceAuthorizationApplication  : No active profile set, falling back to default profiles: default
2017-10-30 21:58:34.262  INFO 6820 --- [main] ationConfigEmbeddedWebApplicationContext : Refreshing org.springframework.boot.context.embedded.AnnotationConfigEmbeddedWebApplicationContext@5d1659ea: startup date [Mon Oct 30 21:58:34 CST 2017]; parent: org.springframework.context.annotation.AnnotationConfigApplicationContext@71809907
2017-10-30 21:58:34.591  INFO 6820 --- [main] .s.d.r.c.RepositoryConfigurationDelegate : Multiple Spring Data modules found, entering strict repository configuration mode!
2017-10-30 21:58:34.684  INFO 6820 --- [main] o.s.cloud.context.scope.GenericScope     : BeanFactory id=39bfa27d-781d-3902-9f7c-0fbc8504f016
2017-10-30 21:58:34.684  INFO 6820 --- [main] f.a.AutowiredAnnotationBeanPostProcessor : JSR-330 'javax.inject.Inject' annotation found and supported for autowiring
2017-10-30 21:58:34.731  INFO 6820 --- [main] trationDelegate$BeanPostProcessorChecker : Bean 'org.springframework.cloud.autoconfigure.ConfigurationPropertiesRebinderAutoConfiguration' of type [org.springframework.cloud.autoconfigure.ConfigurationPropertiesRebinderAutoConfiguration$$EnhancerBySpringCGLIB$$cc7a3bee] is not eligible for getting processed by all BeanPostProcessors (for example: not eligible for auto-proxying)
2017-10-30 21:58:34.872  INFO 6820 --- [main] s.b.c.e.t.TomcatEmbeddedServletContainer : Tomcat initialized with port(s): 8763 (http)
2017-10-30 21:58:34.872  INFO 6820 --- [main] o.apache.catalina.core.StandardService   : Starting service [Tomcat]
2017-10-30 21:58:34.872  INFO 6820 --- [main] org.apache.catalina.core.StandardEngine  : Starting Servlet Engine: Apache Tomcat/8.5.20
2017-10-30 21:58:34.950  INFO 6820 --- [localhost-startStop-1] o.a.c.c.C.[Tomcat].[localhost].[/]       : Initializing Spring embedded WebApplicationContext
2017-10-30 21:58:34.950  INFO 6820 --- [localhost-startStop-1] o.s.web.context.ContextLoader            : Root WebApplicationContext: initialization completed in 688 ms
2017-10-30 21:58:35.075  INFO 6820 --- [localhost-startStop-1] o.s.b.w.servlet.ServletRegistrationBean  : Mapping servlet: 'dispatcherServlet' to [/]
2017-10-30 21:58:35.091  INFO 6820 --- [localhost-startStop-1] o.s.b.w.servlet.FilterRegistrationBean   : Mapping filter: 'characterEncodingFilter' to: [/*]
2017-10-30 21:58:35.091  INFO 6820 --- [localhost-startStop-1] o.s.b.w.servlet.FilterRegistrationBean   : Mapping filter: 'springSessionRepositoryFilter' to: [/*]
2017-10-30 21:58:35.091  INFO 6820 --- [localhost-startStop-1] o.s.b.w.servlet.FilterRegistrationBean   : Mapping filter: 'hiddenHttpMethodFilter' to: [/*]
2017-10-30 21:58:35.091  INFO 6820 --- [localhost-startStop-1] o.s.b.w.servlet.FilterRegistrationBean   : Mapping filter: 'httpPutFormContentFilter' to: [/*]
2017-10-30 21:58:35.091  INFO 6820 --- [localhost-startStop-1] o.s.b.w.servlet.FilterRegistrationBean   : Mapping filter: 'requestContextFilter' to: [/*]
2017-10-30 21:58:35.287  WARN 6820 --- [main] c.n.c.sources.URLConfigurationSource     : No URLs will be polled as dynamic configuration sources.
2017-10-30 21:58:35.287  INFO 6820 --- [main] c.n.c.sources.URLConfigurationSource     : To enable URLs as dynamic configuration sources, define System property archaius.configurationSource.additionalUrls or make config.properties available on classpath.
2017-10-30 21:58:35.287  WARN 6820 --- [main] c.n.c.sources.URLConfigurationSource     : No URLs will be polled as dynamic configuration sources.
2017-10-30 21:58:35.287  INFO 6820 --- [main] c.n.c.sources.URLConfigurationSource     : To enable URLs as dynamic configuration sources, define System property archaius.configurationSource.additionalUrls or make config.properties available on classpath.
2017-10-30 21:58:35.396  INFO 6820 --- [main] s.w.s.m.m.a.RequestMappingHandlerAdapter : Looking for @ControllerAdvice: org.springframework.boot.context.embedded.AnnotationConfigEmbeddedWebApplicationContext@5d1659ea: startup date [Mon Oct 30 21:58:34 CST 2017]; parent: org.springframework.context.annotation.AnnotationConfigApplicationContext@71809907
2017-10-30 21:58:35.427  INFO 6820 --- [main] s.w.s.m.m.a.RequestMappingHandlerMapping : Mapped "{[/login],methods=[GET]}" onto public java.lang.String com.zhuri.microservices.serviceauthorization.AuthorizationController.loginPage()
2017-10-30 21:58:35.427  INFO 6820 --- [main] s.w.s.m.m.a.RequestMappingHandlerMapping : Mapped "{[/logout],methods=[GET]}" onto public java.lang.String com.zhuri.microservices.serviceauthorization.AuthorizationController.logout(org.springframework.ui.Model,javax.servlet.http.HttpServletRequest,javax.servlet.http.HttpServletResponse)
2017-10-30 21:58:35.427  INFO 6820 --- [main] s.w.s.m.m.a.RequestMappingHandlerMapping : Mapped "{[/login],methods=[POST]}" onto public java.lang.String com.zhuri.microservices.serviceauthorization.AuthorizationController.loginCheck(org.springframework.ui.Model,javax.servlet.http.HttpServletRequest,javax.servlet.http.HttpServletResponse,java.lang.String,java.lang.String)
2017-10-30 21:58:35.427  INFO 6820 --- [main] s.w.s.m.m.a.RequestMappingHandlerMapping : Mapped "{[/error]}" onto public org.springframework.http.ResponseEntity<java.util.Map<java.lang.String, java.lang.Object>> org.springframework.boot.autoconfigure.web.BasicErrorController.error(javax.servlet.http.HttpServletRequest)
2017-10-30 21:58:35.427  INFO 6820 --- [main] s.w.s.m.m.a.RequestMappingHandlerMapping : Mapped "{[/error],produces=[text/html]}" onto public org.springframework.web.servlet.ModelAndView org.springframework.boot.autoconfigure.web.BasicErrorController.errorHtml(javax.servlet.http.HttpServletRequest,javax.servlet.http.HttpServletResponse)
2017-10-30 21:58:35.443  INFO 6820 --- [main] o.s.w.s.handler.SimpleUrlHandlerMapping  : Mapped URL path [/webjars/**] onto handler of type [class org.springframework.web.servlet.resource.ResourceHttpRequestHandler]
2017-10-30 21:58:35.458  INFO 6820 --- [main] o.s.w.s.handler.SimpleUrlHandlerMapping  : Mapped URL path [/**] onto handler of type [class org.springframework.web.servlet.resource.ResourceHttpRequestHandler]
2017-10-30 21:58:35.474  INFO 6820 --- [main] o.s.w.s.handler.SimpleUrlHandlerMapping  : Mapped URL path [/**/favicon.ico] onto handler of type [class org.springframework.web.servlet.resource.ResourceHttpRequestHandler]
2017-10-30 21:58:35.912  INFO 6820 --- [main] o.s.j.e.a.AnnotationMBeanExporter        : Registering beans for JMX exposure on startup
2017-10-30 21:58:35.912  INFO 6820 --- [main] o.s.j.e.a.AnnotationMBeanExporter        : Bean with name 'environmentManager' has been autodetected for JMX exposure
2017-10-30 21:58:35.912  INFO 6820 --- [main] o.s.j.e.a.AnnotationMBeanExporter        : Bean with name 'configurationPropertiesRebinder' has been autodetected for JMX exposure
2017-10-30 21:58:35.912  INFO 6820 --- [main] o.s.j.e.a.AnnotationMBeanExporter        : Bean with name 'refreshScope' has been autodetected for JMX exposure
2017-10-30 21:58:35.912  INFO 6820 --- [main] o.s.j.e.a.AnnotationMBeanExporter        : Located managed bean 'environmentManager': registering with JMX server as MBean [org.springframework.cloud.context.environment:name=environmentManager,type=EnvironmentManager]
2017-10-30 21:58:35.927  INFO 6820 --- [main] o.s.j.e.a.AnnotationMBeanExporter        : Located managed bean 'refreshScope': registering with JMX server as MBean [org.springframework.cloud.context.scope.refresh:name=refreshScope,type=RefreshScope]
2017-10-30 21:58:35.927  INFO 6820 --- [main] o.s.j.e.a.AnnotationMBeanExporter        : Located managed bean 'configurationPropertiesRebinder': registering with JMX server as MBean [org.springframework.cloud.context.properties:name=configurationPropertiesRebinder,context=5d1659ea,type=ConfigurationPropertiesRebinder]
2017-10-30 21:58:36.005  INFO 6820 --- [main] o.s.c.support.DefaultLifecycleProcessor  : Starting beans in phase 0
2017-10-30 21:58:36.005  INFO 6820 --- [main] o.s.c.n.eureka.InstanceInfoFactory       : Setting initial instance status as: STARTING
2017-10-30 21:58:36.021  INFO 6820 --- [main] com.netflix.discovery.DiscoveryClient    : Initializing Eureka in region us-east-1
2017-10-30 21:58:36.162  INFO 6820 --- [main] c.n.d.provider.DiscoveryJerseyProvider   : Using JSON encoding codec LegacyJacksonJson
2017-10-30 21:58:36.162  INFO 6820 --- [main] c.n.d.provider.DiscoveryJerseyProvider   : Using JSON decoding codec LegacyJacksonJson
2017-10-30 21:58:36.209  INFO 6820 --- [main] c.n.d.provider.DiscoveryJerseyProvider   : Using XML encoding codec XStreamXml
2017-10-30 21:58:36.209  INFO 6820 --- [main] c.n.d.provider.DiscoveryJerseyProvider   : Using XML decoding codec XStreamXml
2017-10-30 21:58:36.303  INFO 6820 --- [main] c.n.d.s.r.aws.ConfigClusterResolver      : Resolving eureka endpoints via configuration
2017-10-30 21:58:36.318  INFO 6820 --- [main] com.netflix.discovery.DiscoveryClient    : Disable delta property : false
2017-10-30 21:58:36.318  INFO 6820 --- [main] com.netflix.discovery.DiscoveryClient    : Single vip registry refresh property : null
2017-10-30 21:58:36.318  INFO 6820 --- [main] com.netflix.discovery.DiscoveryClient    : Force full registry fetch : false
2017-10-30 21:58:36.318  INFO 6820 --- [main] com.netflix.discovery.DiscoveryClient    : Application is null : false
2017-10-30 21:58:36.318  INFO 6820 --- [main] com.netflix.discovery.DiscoveryClient    : Registered Applications size is zero : true
2017-10-30 21:58:36.318  INFO 6820 --- [main] com.netflix.discovery.DiscoveryClient    : Application version is -1: true
2017-10-30 21:58:36.318  INFO 6820 --- [main] com.netflix.discovery.DiscoveryClient    : Getting all instance registry info from the eureka server
2017-10-30 21:58:36.396  INFO 6820 --- [main] com.netflix.discovery.DiscoveryClient    : The response status is 200
2017-10-30 21:58:36.396  INFO 6820 --- [main] com.netflix.discovery.DiscoveryClient    : Starting heartbeat executor: renew interval is: 30
2017-10-30 21:58:36.412  INFO 6820 --- [main] c.n.discovery.InstanceInfoReplicator     : InstanceInfoReplicator onDemand update allowed rate per min is 4
2017-10-30 21:58:36.412  INFO 6820 --- [main] com.netflix.discovery.DiscoveryClient    : Discovery Client initialized at timestamp 1509371916412 with initial instances count: 4
2017-10-30 21:58:36.412  INFO 6820 --- [main] o.s.c.n.e.s.EurekaServiceRegistry        : Registering application service-authorization with eureka with status UP
2017-10-30 21:58:36.412  INFO 6820 --- [main] com.netflix.discovery.DiscoveryClient    : Saw local status change event StatusChangeEvent [timestamp=1509371916412, current=UP, previous=STARTING]
2017-10-30 21:58:36.412  INFO 6820 --- [DiscoveryClient-InstanceInfoReplicator-0] com.netflix.discovery.DiscoveryClient    : DiscoveryClient_SERVICE-AUTHORIZATION/DESKTOP-B07AA36.sjtu.edu.cn:service-authorization:8763: registering service...
2017-10-30 21:58:36.412  INFO 6820 --- [main] o.s.c.support.DefaultLifecycleProcessor  : Starting beans in phase 2147483647
2017-10-30 21:58:36.428  INFO 6820 --- [main] s.a.ScheduledAnnotationBeanPostProcessor : No TaskScheduler/ScheduledExecutorService bean found for scheduled processing
2017-10-30 21:58:36.459  INFO 6820 --- [DiscoveryClient-InstanceInfoReplicator-0] com.netflix.discovery.DiscoveryClient    : DiscoveryClient_SERVICE-AUTHORIZATION/DESKTOP-B07AA36.sjtu.edu.cn:service-authorization:8763 - registration status: 204
2017-10-30 21:58:36.459  INFO 6820 --- [main] s.b.c.e.t.TomcatEmbeddedServletContainer : Tomcat started on port(s): 8763 (http)
2017-10-30 21:58:36.459  INFO 6820 --- [main] .s.c.n.e.s.EurekaAutoServiceRegistration : Updating port to 8763
2017-10-30 21:58:36.459  INFO 6820 --- [main] c.z.m.s.ServiceAuthorizationApplication  : Started ServiceAuthorizationApplication in 2.947 seconds (JVM running for 3.35)
2017-10-30 21:59:35.107  INFO 6820 --- [http-nio-8763-exec-1] o.a.c.c.C.[Tomcat].[localhost].[/]       : Initializing Spring FrameworkServlet 'dispatcherServlet'
2017-10-30 21:59:35.107  INFO 6820 --- [http-nio-8763-exec-1] o.s.web.servlet.DispatcherServlet        : FrameworkServlet 'dispatcherServlet': initialization started
2017-10-30 21:59:35.118  INFO 6820 --- [http-nio-8763-exec-1] o.s.web.servlet.DispatcherServlet        : FrameworkServlet 'dispatcherServlet': initialization completed in 11 ms
2017-10-30 22:03:36.337  INFO 6820 --- [AsyncResolver-bootstrap-executor-0] c.n.d.s.r.aws.ConfigClusterResolver      : Resolving eureka endpoints via configuration
2017-10-30 22:07:59.049  INFO 8744 --- [main] c.z.m.s.ServiceAuthorizationApplication  : No active profile set, falling back to default profiles: default
2017-10-30 22:07:59.049  INFO 8744 --- [main] ationConfigEmbeddedWebApplicationContext : Refreshing org.springframework.boot.context.embedded.AnnotationConfigEmbeddedWebApplicationContext@25bc0606: startup date [Mon Oct 30 22:07:59 CST 2017]; parent: org.springframework.context.annotation.AnnotationConfigApplicationContext@6e20b53a
2017-10-30 22:07:59.439  INFO 8744 --- [main] .s.d.r.c.RepositoryConfigurationDelegate : Multiple Spring Data modules found, entering strict repository configuration mode!
2017-10-30 22:07:59.564  INFO 8744 --- [main] o.s.cloud.context.scope.GenericScope     : BeanFactory id=39bfa27d-781d-3902-9f7c-0fbc8504f016
2017-10-30 22:07:59.564  INFO 8744 --- [main] f.a.AutowiredAnnotationBeanPostProcessor : JSR-330 'javax.inject.Inject' annotation found and supported for autowiring
2017-10-30 22:07:59.611  INFO 8744 --- [main] trationDelegate$BeanPostProcessorChecker : Bean 'org.springframework.cloud.autoconfigure.ConfigurationPropertiesRebinderAutoConfiguration' of type [org.springframework.cloud.autoconfigure.ConfigurationPropertiesRebinderAutoConfiguration$$EnhancerBySpringCGLIB$$783a37c8] is not eligible for getting processed by all BeanPostProcessors (for example: not eligible for auto-proxying)
2017-10-30 22:07:59.814  INFO 8744 --- [main] s.b.c.e.t.TomcatEmbeddedServletContainer : Tomcat initialized with port(s): 8763 (http)
2017-10-30 22:07:59.814  INFO 8744 --- [main] o.apache.catalina.core.StandardService   : Starting service [Tomcat]
2017-10-30 22:07:59.814  INFO 8744 --- [main] org.apache.catalina.core.StandardEngine  : Starting Servlet Engine: Apache Tomcat/8.5.20
2017-10-30 22:07:59.892  INFO 8744 --- [localhost-startStop-1] o.a.c.c.C.[Tomcat].[localhost].[/]       : Initializing Spring embedded WebApplicationContext
2017-10-30 22:07:59.892  INFO 8744 --- [localhost-startStop-1] o.s.web.context.ContextLoader            : Root WebApplicationContext: initialization completed in 843 ms
2017-10-30 22:08:00.049  INFO 8744 --- [localhost-startStop-1] o.s.b.w.servlet.ServletRegistrationBean  : Mapping servlet: 'dispatcherServlet' to [/]
2017-10-30 22:08:00.064  INFO 8744 --- [localhost-startStop-1] o.s.b.w.servlet.FilterRegistrationBean   : Mapping filter: 'characterEncodingFilter' to: [/*]
2017-10-30 22:08:00.064  INFO 8744 --- [localhost-startStop-1] o.s.b.w.servlet.FilterRegistrationBean   : Mapping filter: 'springSessionRepositoryFilter' to: [/*]
2017-10-30 22:08:00.064  INFO 8744 --- [localhost-startStop-1] o.s.b.w.servlet.FilterRegistrationBean   : Mapping filter: 'hiddenHttpMethodFilter' to: [/*]
2017-10-30 22:08:00.064  INFO 8744 --- [localhost-startStop-1] o.s.b.w.servlet.FilterRegistrationBean   : Mapping filter: 'httpPutFormContentFilter' to: [/*]
2017-10-30 22:08:00.064  INFO 8744 --- [localhost-startStop-1] o.s.b.w.servlet.FilterRegistrationBean   : Mapping filter: 'requestContextFilter' to: [/*]
2017-10-30 22:08:00.314  WARN 8744 --- [main] c.n.c.sources.URLConfigurationSource     : No URLs will be polled as dynamic configuration sources.
2017-10-30 22:08:00.314  INFO 8744 --- [main] c.n.c.sources.URLConfigurationSource     : To enable URLs as dynamic configuration sources, define System property archaius.configurationSource.additionalUrls or make config.properties available on classpath.
2017-10-30 22:08:00.314  WARN 8744 --- [main] c.n.c.sources.URLConfigurationSource     : No URLs will be polled as dynamic configuration sources.
2017-10-30 22:08:00.314  INFO 8744 --- [main] c.n.c.sources.URLConfigurationSource     : To enable URLs as dynamic configuration sources, define System property archaius.configurationSource.additionalUrls or make config.properties available on classpath.
2017-10-30 22:08:00.455  INFO 8744 --- [main] s.w.s.m.m.a.RequestMappingHandlerAdapter : Looking for @ControllerAdvice: org.springframework.boot.context.embedded.AnnotationConfigEmbeddedWebApplicationContext@25bc0606: startup date [Mon Oct 30 22:07:59 CST 2017]; parent: org.springframework.context.annotation.AnnotationConfigApplicationContext@6e20b53a
2017-10-30 22:08:00.502  INFO 8744 --- [main] s.w.s.m.m.a.RequestMappingHandlerMapping : Mapped "{[/logout],methods=[GET]}" onto public java.lang.String com.zhuri.microservices.serviceauthorization.AuthorizationController.logout(org.springframework.ui.Model,javax.servlet.http.HttpServletRequest,javax.servlet.http.HttpServletResponse)
2017-10-30 22:08:00.502  INFO 8744 --- [main] s.w.s.m.m.a.RequestMappingHandlerMapping : Mapped "{[/login],methods=[POST]}" onto public java.lang.String com.zhuri.microservices.serviceauthorization.AuthorizationController.loginCheck(org.springframework.ui.Model,javax.servlet.http.HttpServletRequest,javax.servlet.http.HttpServletResponse,java.lang.String,java.lang.String)
2017-10-30 22:08:00.502  INFO 8744 --- [main] s.w.s.m.m.a.RequestMappingHandlerMapping : Mapped "{[/login],methods=[GET]}" onto public java.lang.String com.zhuri.microservices.serviceauthorization.AuthorizationController.loginPage()
2017-10-30 22:08:00.502  INFO 8744 --- [main] s.w.s.m.m.a.RequestMappingHandlerMapping : Mapped "{[/error]}" onto public org.springframework.http.ResponseEntity<java.util.Map<java.lang.String, java.lang.Object>> org.springframework.boot.autoconfigure.web.BasicErrorController.error(javax.servlet.http.HttpServletRequest)
2017-10-30 22:08:00.502  INFO 8744 --- [main] s.w.s.m.m.a.RequestMappingHandlerMapping : Mapped "{[/error],produces=[text/html]}" onto public org.springframework.web.servlet.ModelAndView org.springframework.boot.autoconfigure.web.BasicErrorController.errorHtml(javax.servlet.http.HttpServletRequest,javax.servlet.http.HttpServletResponse)
2017-10-30 22:08:00.533  INFO 8744 --- [main] o.s.w.s.handler.SimpleUrlHandlerMapping  : Mapped URL path [/webjars/**] onto handler of type [class org.springframework.web.servlet.resource.ResourceHttpRequestHandler]
2017-10-30 22:08:00.533  INFO 8744 --- [main] o.s.w.s.handler.SimpleUrlHandlerMapping  : Mapped URL path [/**] onto handler of type [class org.springframework.web.servlet.resource.ResourceHttpRequestHandler]
2017-10-30 22:08:00.564  INFO 8744 --- [main] o.s.w.s.handler.SimpleUrlHandlerMapping  : Mapped URL path [/**/favicon.ico] onto handler of type [class org.springframework.web.servlet.resource.ResourceHttpRequestHandler]
2017-10-30 22:08:01.018  INFO 8744 --- [main] o.s.j.e.a.AnnotationMBeanExporter        : Registering beans for JMX exposure on startup
2017-10-30 22:08:01.018  INFO 8744 --- [main] o.s.j.e.a.AnnotationMBeanExporter        : Bean with name 'environmentManager' has been autodetected for JMX exposure
2017-10-30 22:08:01.033  INFO 8744 --- [main] o.s.j.e.a.AnnotationMBeanExporter        : Bean with name 'configurationPropertiesRebinder' has been autodetected for JMX exposure
2017-10-30 22:08:01.033  INFO 8744 --- [main] o.s.j.e.a.AnnotationMBeanExporter        : Bean with name 'refreshScope' has been autodetected for JMX exposure
2017-10-30 22:08:01.033  INFO 8744 --- [main] o.s.j.e.a.AnnotationMBeanExporter        : Located managed bean 'environmentManager': registering with JMX server as MBean [org.springframework.cloud.context.environment:name=environmentManager,type=EnvironmentManager]
2017-10-30 22:08:01.033  INFO 8744 --- [main] o.s.j.e.a.AnnotationMBeanExporter        : Located managed bean 'refreshScope': registering with JMX server as MBean [org.springframework.cloud.context.scope.refresh:name=refreshScope,type=RefreshScope]
2017-10-30 22:08:01.033  INFO 8744 --- [main] o.s.j.e.a.AnnotationMBeanExporter        : Located managed bean 'configurationPropertiesRebinder': registering with JMX server as MBean [org.springframework.cloud.context.properties:name=configurationPropertiesRebinder,context=25bc0606,type=ConfigurationPropertiesRebinder]
2017-10-30 22:08:01.127  INFO 8744 --- [main] o.s.c.support.DefaultLifecycleProcessor  : Starting beans in phase 0
2017-10-30 22:08:01.127  INFO 8744 --- [main] o.s.c.n.eureka.InstanceInfoFactory       : Setting initial instance status as: STARTING
2017-10-30 22:08:01.158  INFO 8744 --- [main] com.netflix.discovery.DiscoveryClient    : Initializing Eureka in region us-east-1
2017-10-30 22:08:01.299  INFO 8744 --- [main] c.n.d.provider.DiscoveryJerseyProvider   : Using JSON encoding codec LegacyJacksonJson
2017-10-30 22:08:01.299  INFO 8744 --- [main] c.n.d.provider.DiscoveryJerseyProvider   : Using JSON decoding codec LegacyJacksonJson
2017-10-30 22:08:01.346  INFO 8744 --- [main] c.n.d.provider.DiscoveryJerseyProvider   : Using XML encoding codec XStreamXml
2017-10-30 22:08:01.346  INFO 8744 --- [main] c.n.d.provider.DiscoveryJerseyProvider   : Using XML decoding codec XStreamXml
2017-10-30 22:08:01.439  INFO 8744 --- [main] c.n.d.s.r.aws.ConfigClusterResolver      : Resolving eureka endpoints via configuration
2017-10-30 22:08:01.471  INFO 8744 --- [main] com.netflix.discovery.DiscoveryClient    : Disable delta property : false
2017-10-30 22:08:01.471  INFO 8744 --- [main] com.netflix.discovery.DiscoveryClient    : Single vip registry refresh property : null
2017-10-30 22:08:01.471  INFO 8744 --- [main] com.netflix.discovery.DiscoveryClient    : Force full registry fetch : false
2017-10-30 22:08:01.471  INFO 8744 --- [main] com.netflix.discovery.DiscoveryClient    : Application is null : false
2017-10-30 22:08:01.471  INFO 8744 --- [main] com.netflix.discovery.DiscoveryClient    : Registered Applications size is zero : true
2017-10-30 22:08:01.471  INFO 8744 --- [main] com.netflix.discovery.DiscoveryClient    : Application version is -1: true
2017-10-30 22:08:01.471  INFO 8744 --- [main] com.netflix.discovery.DiscoveryClient    : Getting all instance registry info from the eureka server
2017-10-30 22:08:01.565  INFO 8744 --- [main] com.netflix.discovery.DiscoveryClient    : The response status is 200
2017-10-30 22:08:01.565  INFO 8744 --- [main] com.netflix.discovery.DiscoveryClient    : Starting heartbeat executor: renew interval is: 30
2017-10-30 22:08:01.565  INFO 8744 --- [main] c.n.discovery.InstanceInfoReplicator     : InstanceInfoReplicator onDemand update allowed rate per min is 4
2017-10-30 22:08:01.565  INFO 8744 --- [main] com.netflix.discovery.DiscoveryClient    : Discovery Client initialized at timestamp 1509372481565 with initial instances count: 1
2017-10-30 22:08:01.580  INFO 8744 --- [main] o.s.c.n.e.s.EurekaServiceRegistry        : Registering application service-authorization with eureka with status UP
2017-10-30 22:08:01.580  INFO 8744 --- [main] com.netflix.discovery.DiscoveryClient    : Saw local status change event StatusChangeEvent [timestamp=1509372481580, current=UP, previous=STARTING]
2017-10-30 22:08:01.580  INFO 8744 --- [DiscoveryClient-InstanceInfoReplicator-0] com.netflix.discovery.DiscoveryClient    : DiscoveryClient_SERVICE-AUTHORIZATION/DESKTOP-B07AA36.sjtu.edu.cn:service-authorization:8763: registering service...
2017-10-30 22:08:01.580  INFO 8744 --- [main] o.s.c.support.DefaultLifecycleProcessor  : Starting beans in phase 2147483647
2017-10-30 22:08:01.596  INFO 8744 --- [main] s.a.ScheduledAnnotationBeanPostProcessor : No TaskScheduler/ScheduledExecutorService bean found for scheduled processing
2017-10-30 22:08:01.611  INFO 8744 --- [DiscoveryClient-InstanceInfoReplicator-0] com.netflix.discovery.DiscoveryClient    : DiscoveryClient_SERVICE-AUTHORIZATION/DESKTOP-B07AA36.sjtu.edu.cn:service-authorization:8763 - registration status: 204
2017-10-30 22:08:01.627  INFO 8744 --- [main] s.b.c.e.t.TomcatEmbeddedServletContainer : Tomcat started on port(s): 8763 (http)
2017-10-30 22:08:01.627  INFO 8744 --- [main] .s.c.n.e.s.EurekaAutoServiceRegistration : Updating port to 8763
2017-10-30 22:08:01.627  INFO 8744 --- [main] c.z.m.s.ServiceAuthorizationApplication  : Started ServiceAuthorizationApplication in 3.657 seconds (JVM running for 4.283)
2017-10-30 22:08:39.411  INFO 8744 --- [http-nio-8763-exec-1] o.a.c.c.C.[Tomcat].[localhost].[/]       : Initializing Spring FrameworkServlet 'dispatcherServlet'
2017-10-30 22:08:39.411  INFO 8744 --- [http-nio-8763-exec-1] o.s.web.servlet.DispatcherServlet        : FrameworkServlet 'dispatcherServlet': initialization started
2017-10-30 22:08:39.422  INFO 8744 --- [http-nio-8763-exec-1] o.s.web.servlet.DispatcherServlet        : FrameworkServlet 'dispatcherServlet': initialization completed in 11 ms
2017-10-30 22:13:01.481  INFO 8744 --- [AsyncResolver-bootstrap-executor-0] c.n.d.s.r.aws.ConfigClusterResolver      : Resolving eureka endpoints via configuration
