2017-11-22 21:50:46.313  [main] INFO  o.s.c.a.AnnotationConfigApplicationContext - Refreshing org.springframework.context.annotation.AnnotationConfigApplicationContext@6743e411: startup date [Wed Nov 22 21:50:46 CST 2017]; root of context hierarchy
2017-11-22 21:50:46.458  [main] INFO  o.s.b.f.a.AutowiredAnnotationBeanPostProcessor - JSR-330 'javax.inject.Inject' annotation found and supported for autowiring
2017-11-22 21:50:46.474  [main] INFO  o.s.c.s.PostProcessorRegistrationDelegate$BeanPostProcessorChecker - Bean 'configurationPropertiesRebinderAutoConfiguration' of type [org.springframework.cloud.autoconfigure.ConfigurationPropertiesRebinderAutoConfiguration$$EnhancerBySpringCGLIB$$c923b830] is not eligible for getting processed by all BeanPostProcessors (for example: not eligible for auto-proxying)
2017-11-22 21:50:46.643  [main] INFO  c.z.m.s.ServiceCustomerplanApplication - No active profile set, falling back to default profiles: default
2017-11-22 21:50:46.643  [main] INFO  o.s.b.c.e.AnnotationConfigEmbeddedWebApplicationContext - Refreshing org.springframework.boot.context.embedded.AnnotationConfigEmbeddedWebApplicationContext@42e3ede4: startup date [Wed Nov 22 21:50:46 CST 2017]; parent: org.springframework.context.annotation.AnnotationConfigApplicationContext@6743e411
2017-11-22 21:50:47.034  [main] INFO  o.s.cloud.context.scope.GenericScope - BeanFactory id=74bb5eef-5e95-3ce2-a13d-57cf9d26be9d
2017-11-22 21:50:47.034  [main] INFO  o.s.b.f.a.AutowiredAnnotationBeanPostProcessor - JSR-330 'javax.inject.Inject' annotation found and supported for autowiring
2017-11-22 21:50:47.080  [main] INFO  o.s.c.s.PostProcessorRegistrationDelegate$BeanPostProcessorChecker - Bean 'org.springframework.cloud.autoconfigure.ConfigurationPropertiesRebinderAutoConfiguration' of type [org.springframework.cloud.autoconfigure.ConfigurationPropertiesRebinderAutoConfiguration$$EnhancerBySpringCGLIB$$c923b830] is not eligible for getting processed by all BeanPostProcessors (for example: not eligible for auto-proxying)
2017-11-22 21:50:47.080  [main] INFO  o.s.c.s.PostProcessorRegistrationDelegate$BeanPostProcessorChecker - Bean 'org.springframework.transaction.annotation.ProxyTransactionManagementConfiguration' of type [org.springframework.transaction.annotation.ProxyTransactionManagementConfiguration$$EnhancerBySpringCGLIB$$ad09b533] is not eligible for getting processed by all BeanPostProcessors (for example: not eligible for auto-proxying)
2017-11-22 21:50:47.265  [main] INFO  o.s.b.c.e.t.TomcatEmbeddedServletContainer - Tomcat initialized with port(s): 8768 (http)
2017-11-22 21:50:47.265  [main] INFO  o.a.catalina.core.StandardService - Starting service [Tomcat]
2017-11-22 21:50:47.265  [main] INFO  o.a.catalina.core.StandardEngine - Starting Servlet Engine: Apache Tomcat/8.5.23
2017-11-22 21:50:47.344  [localhost-startStop-1] INFO  o.a.c.c.C.[Tomcat].[localhost].[/] - Initializing Spring embedded WebApplicationContext
2017-11-22 21:50:47.344  [localhost-startStop-1] INFO  o.s.web.context.ContextLoader - Root WebApplicationContext: initialization completed in 701 ms
2017-11-22 21:50:47.404  [localhost-startStop-1] INFO  o.s.b.w.s.ServletRegistrationBean - Mapping servlet: 'dispatcherServlet' to [/]
2017-11-22 21:50:47.404  [localhost-startStop-1] INFO  o.s.b.w.s.FilterRegistrationBean - Mapping filter: 'characterEncodingFilter' to: [/*]
2017-11-22 21:50:47.404  [localhost-startStop-1] INFO  o.s.b.w.s.FilterRegistrationBean - Mapping filter: 'hiddenHttpMethodFilter' to: [/*]
2017-11-22 21:50:47.404  [localhost-startStop-1] INFO  o.s.b.w.s.FilterRegistrationBean - Mapping filter: 'httpPutFormContentFilter' to: [/*]
2017-11-22 21:50:47.404  [localhost-startStop-1] INFO  o.s.b.w.s.FilterRegistrationBean - Mapping filter: 'requestContextFilter' to: [/*]
2017-11-22 21:50:47.659  [main] WARN  c.n.c.sources.URLConfigurationSource - No URLs will be polled as dynamic configuration sources.
2017-11-22 21:50:47.659  [main] INFO  c.n.c.sources.URLConfigurationSource - To enable URLs as dynamic configuration sources, define System property archaius.configurationSource.additionalUrls or make config.properties available on classpath.
2017-11-22 21:50:47.659  [main] WARN  c.n.c.sources.URLConfigurationSource - No URLs will be polled as dynamic configuration sources.
2017-11-22 21:50:47.659  [main] INFO  c.n.c.sources.URLConfigurationSource - To enable URLs as dynamic configuration sources, define System property archaius.configurationSource.additionalUrls or make config.properties available on classpath.
2017-11-22 21:50:47.768  [main] INFO  o.s.w.s.m.m.a.RequestMappingHandlerAdapter - Looking for @ControllerAdvice: org.springframework.boot.context.embedded.AnnotationConfigEmbeddedWebApplicationContext@42e3ede4: startup date [Wed Nov 22 21:50:46 CST 2017]; parent: org.springframework.context.annotation.AnnotationConfigApplicationContext@6743e411
2017-11-22 21:50:47.799  [main] INFO  o.s.w.s.m.m.a.RequestMappingHandlerMapping - Mapped "{[/setCustomerPlanStatus],methods=[GET]}" onto public int com.zhuri.microservices.servicecustomerplan.CustomerPlanController.setCustomerPlanStatus(int,int)
2017-11-22 21:50:47.799  [main] INFO  o.s.w.s.m.m.a.RequestMappingHandlerMapping - Mapped "{[/getAllCustomerPlanByCustomerId],methods=[GET]}" onto public java.util.List<com.zhuri.microservices.servicecustomerplan.CustomerPlan> com.zhuri.microservices.servicecustomerplan.CustomerPlanController.getAllCustomerPlanByCustomerId(int)
2017-11-22 21:50:47.799  [main] INFO  o.s.w.s.m.m.a.RequestMappingHandlerMapping - Mapped "{[/addCustomerPlan],methods=[POST]}" onto public int com.zhuri.microservices.servicecustomerplan.CustomerPlanController.addCustomerPlan(com.zhuri.microservices.servicecustomerplan.CustomerPlan,org.springframework.validation.BindingResult)
2017-11-22 21:50:47.799  [main] INFO  o.s.w.s.m.m.a.RequestMappingHandlerMapping - Mapped "{[/addCustomerPlanEvent],methods=[POST]}" onto public int com.zhuri.microservices.servicecustomerplan.CustomerPlanEventController.addCustomerPlanEvent(java.util.List<com.zhuri.microservices.servicecustomerplan.CustomerPlanEvent>,org.springframework.validation.BindingResult)
2017-11-22 21:50:47.799  [main] INFO  o.s.w.s.m.m.a.RequestMappingHandlerMapping - Mapped "{[/getCustomerPlanEventByCustomerPlanId],methods=[GET]}" onto public java.util.List<com.zhuri.microservices.servicecustomerplan.CustomerPlanEvent> com.zhuri.microservices.servicecustomerplan.CustomerPlanEventController.getCustomerPlanEventByCustomerPlanId(int)
2017-11-22 21:50:47.799  [main] INFO  o.s.w.s.m.m.a.RequestMappingHandlerMapping - Mapped "{[/getUITreeAndUINode],methods=[GET]}" onto public java.util.List<com.zhuri.microservices.servicecustomerplan.EventTypeTree> com.zhuri.microservices.servicecustomerplan.EventController.getUITreeAndUINode()
2017-11-22 21:50:47.799  [main] INFO  o.s.w.s.m.m.a.RequestMappingHandlerMapping - Mapped "{[/addCustomerPlanEvent],methods=[GET]}" onto public java.lang.String com.zhuri.microservices.servicecustomerplan.UIController.addCustomerPlanEvent()
2017-11-22 21:50:47.799  [main] INFO  o.s.w.s.m.m.a.RequestMappingHandlerMapping - Mapped "{[/addCustomerPlan],methods=[GET]}" onto public java.lang.String com.zhuri.microservices.servicecustomerplan.UIController.addCustomerPlan()
2017-11-22 21:50:47.799  [main] INFO  o.s.w.s.m.m.a.RequestMappingHandlerMapping - Mapped "{[/error]}" onto public org.springframework.http.ResponseEntity<java.util.Map<java.lang.String, java.lang.Object>> org.springframework.boot.autoconfigure.web.BasicErrorController.error(javax.servlet.http.HttpServletRequest)
2017-11-22 21:50:47.799  [main] INFO  o.s.w.s.m.m.a.RequestMappingHandlerMapping - Mapped "{[/error],produces=[text/html]}" onto public org.springframework.web.servlet.ModelAndView org.springframework.boot.autoconfigure.web.BasicErrorController.errorHtml(javax.servlet.http.HttpServletRequest,javax.servlet.http.HttpServletResponse)
2017-11-22 21:50:47.815  [main] INFO  o.s.w.s.h.SimpleUrlHandlerMapping - Mapped URL path [/webjars/**] onto handler of type [class org.springframework.web.servlet.resource.ResourceHttpRequestHandler]
2017-11-22 21:50:47.815  [main] INFO  o.s.w.s.h.SimpleUrlHandlerMapping - Mapped URL path [/**] onto handler of type [class org.springframework.web.servlet.resource.ResourceHttpRequestHandler]
2017-11-22 21:50:47.846  [main] INFO  o.s.w.s.h.SimpleUrlHandlerMapping - Mapped URL path [/**/favicon.ico] onto handler of type [class org.springframework.web.servlet.resource.ResourceHttpRequestHandler]
2017-11-22 21:50:48.252  [main] INFO  o.s.j.e.a.AnnotationMBeanExporter - Registering beans for JMX exposure on startup
2017-11-22 21:50:48.252  [main] INFO  o.s.j.e.a.AnnotationMBeanExporter - Bean with name 'environmentManager' has been autodetected for JMX exposure
2017-11-22 21:50:48.268  [main] INFO  o.s.j.e.a.AnnotationMBeanExporter - Bean with name 'configurationPropertiesRebinder' has been autodetected for JMX exposure
2017-11-22 21:50:48.268  [main] INFO  o.s.j.e.a.AnnotationMBeanExporter - Bean with name 'refreshScope' has been autodetected for JMX exposure
2017-11-22 21:50:48.268  [main] INFO  o.s.j.e.a.AnnotationMBeanExporter - Located managed bean 'environmentManager': registering with JMX server as MBean [org.springframework.cloud.context.environment:name=environmentManager,type=EnvironmentManager]
2017-11-22 21:50:48.268  [main] INFO  o.s.j.e.a.AnnotationMBeanExporter - Located managed bean 'refreshScope': registering with JMX server as MBean [org.springframework.cloud.context.scope.refresh:name=refreshScope,type=RefreshScope]
2017-11-22 21:50:48.268  [main] INFO  o.s.j.e.a.AnnotationMBeanExporter - Located managed bean 'configurationPropertiesRebinder': registering with JMX server as MBean [org.springframework.cloud.context.properties:name=configurationPropertiesRebinder,context=42e3ede4,type=ConfigurationPropertiesRebinder]
2017-11-22 21:50:48.384  [main] INFO  o.s.b.c.e.t.TomcatEmbeddedServletContainer - Tomcat started on port(s): 8768 (http)
2017-11-22 21:50:48.387  [main] INFO  c.z.m.s.ServiceCustomerplanApplication - Started ServiceCustomerplanApplication in 2.524 seconds (JVM running for 2.944)
2017-11-22 21:50:53.203  [http-nio-8768-exec-2] INFO  o.a.c.c.C.[Tomcat].[localhost].[/] - Initializing Spring FrameworkServlet 'dispatcherServlet'
2017-11-22 21:50:53.203  [http-nio-8768-exec-2] INFO  o.s.web.servlet.DispatcherServlet - FrameworkServlet 'dispatcherServlet': initialization started
2017-11-22 21:50:53.218  [http-nio-8768-exec-2] INFO  o.s.web.servlet.DispatcherServlet - FrameworkServlet 'dispatcherServlet': initialization completed in 15 ms
2017-11-22 21:53:36.159  [main] INFO  o.s.c.a.AnnotationConfigApplicationContext - Refreshing org.springframework.context.annotation.AnnotationConfigApplicationContext@662ac478: startup date [Wed Nov 22 21:53:36 CST 2017]; root of context hierarchy
2017-11-22 21:53:36.299  [main] INFO  o.s.b.f.a.AutowiredAnnotationBeanPostProcessor - JSR-330 'javax.inject.Inject' annotation found and supported for autowiring
2017-11-22 21:53:36.315  [main] INFO  o.s.c.s.PostProcessorRegistrationDelegate$BeanPostProcessorChecker - Bean 'configurationPropertiesRebinderAutoConfiguration' of type [org.springframework.cloud.autoconfigure.ConfigurationPropertiesRebinderAutoConfiguration$$EnhancerBySpringCGLIB$$ac375347] is not eligible for getting processed by all BeanPostProcessors (for example: not eligible for auto-proxying)
2017-11-22 21:53:36.487  [main] INFO  c.z.m.s.ServiceCustomerplanApplication - No active profile set, falling back to default profiles: default
2017-11-22 21:53:36.487  [main] INFO  o.s.b.c.e.AnnotationConfigEmbeddedWebApplicationContext - Refreshing org.springframework.boot.context.embedded.AnnotationConfigEmbeddedWebApplicationContext@63b1d4fa: startup date [Wed Nov 22 21:53:36 CST 2017]; parent: org.springframework.context.annotation.AnnotationConfigApplicationContext@662ac478
2017-11-22 21:53:36.894  [main] INFO  o.s.cloud.context.scope.GenericScope - BeanFactory id=74bb5eef-5e95-3ce2-a13d-57cf9d26be9d
2017-11-22 21:53:36.894  [main] INFO  o.s.b.f.a.AutowiredAnnotationBeanPostProcessor - JSR-330 'javax.inject.Inject' annotation found and supported for autowiring
2017-11-22 21:53:36.941  [main] INFO  o.s.c.s.PostProcessorRegistrationDelegate$BeanPostProcessorChecker - Bean 'org.springframework.cloud.autoconfigure.ConfigurationPropertiesRebinderAutoConfiguration' of type [org.springframework.cloud.autoconfigure.ConfigurationPropertiesRebinderAutoConfiguration$$EnhancerBySpringCGLIB$$ac375347] is not eligible for getting processed by all BeanPostProcessors (for example: not eligible for auto-proxying)
2017-11-22 21:53:36.941  [main] INFO  o.s.c.s.PostProcessorRegistrationDelegate$BeanPostProcessorChecker - Bean 'org.springframework.transaction.annotation.ProxyTransactionManagementConfiguration' of type [org.springframework.transaction.annotation.ProxyTransactionManagementConfiguration$$EnhancerBySpringCGLIB$$901d504a] is not eligible for getting processed by all BeanPostProcessors (for example: not eligible for auto-proxying)
2017-11-22 21:53:37.113  [main] INFO  o.s.b.c.e.t.TomcatEmbeddedServletContainer - Tomcat initialized with port(s): 8768 (http)
2017-11-22 21:53:37.113  [main] INFO  o.a.catalina.core.StandardService - Starting service [Tomcat]
2017-11-22 21:53:37.113  [main] INFO  o.a.catalina.core.StandardEngine - Starting Servlet Engine: Apache Tomcat/8.5.23
2017-11-22 21:53:37.191  [localhost-startStop-1] INFO  o.a.c.c.C.[Tomcat].[localhost].[/] - Initializing Spring embedded WebApplicationContext
2017-11-22 21:53:37.191  [localhost-startStop-1] INFO  o.s.web.context.ContextLoader - Root WebApplicationContext: initialization completed in 704 ms
2017-11-22 21:53:37.253  [localhost-startStop-1] INFO  o.s.b.w.s.ServletRegistrationBean - Mapping servlet: 'dispatcherServlet' to [/]
2017-11-22 21:53:37.269  [localhost-startStop-1] INFO  o.s.b.w.s.FilterRegistrationBean - Mapping filter: 'characterEncodingFilter' to: [/*]
2017-11-22 21:53:37.269  [localhost-startStop-1] INFO  o.s.b.w.s.FilterRegistrationBean - Mapping filter: 'hiddenHttpMethodFilter' to: [/*]
2017-11-22 21:53:37.269  [localhost-startStop-1] INFO  o.s.b.w.s.FilterRegistrationBean - Mapping filter: 'httpPutFormContentFilter' to: [/*]
2017-11-22 21:53:37.269  [localhost-startStop-1] INFO  o.s.b.w.s.FilterRegistrationBean - Mapping filter: 'requestContextFilter' to: [/*]
2017-11-22 21:53:37.503  [main] WARN  c.n.c.sources.URLConfigurationSource - No URLs will be polled as dynamic configuration sources.
2017-11-22 21:53:37.503  [main] INFO  c.n.c.sources.URLConfigurationSource - To enable URLs as dynamic configuration sources, define System property archaius.configurationSource.additionalUrls or make config.properties available on classpath.
2017-11-22 21:53:37.503  [main] WARN  c.n.c.sources.URLConfigurationSource - No URLs will be polled as dynamic configuration sources.
2017-11-22 21:53:37.503  [main] INFO  c.n.c.sources.URLConfigurationSource - To enable URLs as dynamic configuration sources, define System property archaius.configurationSource.additionalUrls or make config.properties available on classpath.
2017-11-22 21:53:37.612  [main] INFO  o.s.w.s.m.m.a.RequestMappingHandlerAdapter - Looking for @ControllerAdvice: org.springframework.boot.context.embedded.AnnotationConfigEmbeddedWebApplicationContext@63b1d4fa: startup date [Wed Nov 22 21:53:36 CST 2017]; parent: org.springframework.context.annotation.AnnotationConfigApplicationContext@662ac478
2017-11-22 21:53:37.644  [main] INFO  o.s.w.s.m.m.a.RequestMappingHandlerMapping - Mapped "{[/setCustomerPlanStatus],methods=[GET]}" onto public int com.zhuri.microservices.servicecustomerplan.CustomerPlanController.setCustomerPlanStatus(int,int)
2017-11-22 21:53:37.644  [main] INFO  o.s.w.s.m.m.a.RequestMappingHandlerMapping - Mapped "{[/getAllCustomerPlanByCustomerId],methods=[GET]}" onto public java.util.List<com.zhuri.microservices.servicecustomerplan.CustomerPlan> com.zhuri.microservices.servicecustomerplan.CustomerPlanController.getAllCustomerPlanByCustomerId(int)
2017-11-22 21:53:37.644  [main] INFO  o.s.w.s.m.m.a.RequestMappingHandlerMapping - Mapped "{[/addCustomerPlan],methods=[POST]}" onto public int com.zhuri.microservices.servicecustomerplan.CustomerPlanController.addCustomerPlan(com.zhuri.microservices.servicecustomerplan.CustomerPlan,org.springframework.validation.BindingResult)
2017-11-22 21:53:37.644  [main] INFO  o.s.w.s.m.m.a.RequestMappingHandlerMapping - Mapped "{[/addCustomerPlanEvent],methods=[POST]}" onto public int com.zhuri.microservices.servicecustomerplan.CustomerPlanEventController.addCustomerPlanEvent(java.util.List<com.zhuri.microservices.servicecustomerplan.CustomerPlanEvent>,org.springframework.validation.BindingResult)
2017-11-22 21:53:37.644  [main] INFO  o.s.w.s.m.m.a.RequestMappingHandlerMapping - Mapped "{[/getCustomerPlanEventByCustomerPlanId],methods=[GET]}" onto public java.util.List<com.zhuri.microservices.servicecustomerplan.CustomerPlanEvent> com.zhuri.microservices.servicecustomerplan.CustomerPlanEventController.getCustomerPlanEventByCustomerPlanId(int)
2017-11-22 21:53:37.644  [main] INFO  o.s.w.s.m.m.a.RequestMappingHandlerMapping - Mapped "{[/getUITreeAndUINode],methods=[GET]}" onto public java.util.List<com.zhuri.microservices.servicecustomerplan.EventTypeTree> com.zhuri.microservices.servicecustomerplan.EventController.getUITreeAndUINode()
2017-11-22 21:53:37.644  [main] INFO  o.s.w.s.m.m.a.RequestMappingHandlerMapping - Mapped "{[/addCustomerPlanEvent],methods=[GET]}" onto public java.lang.String com.zhuri.microservices.servicecustomerplan.UIController.addCustomerPlanEvent()
2017-11-22 21:53:37.644  [main] INFO  o.s.w.s.m.m.a.RequestMappingHandlerMapping - Mapped "{[/addCustomerPlan],methods=[GET]}" onto public java.lang.String com.zhuri.microservices.servicecustomerplan.UIController.addCustomerPlan()
2017-11-22 21:53:37.644  [main] INFO  o.s.w.s.m.m.a.RequestMappingHandlerMapping - Mapped "{[/error]}" onto public org.springframework.http.ResponseEntity<java.util.Map<java.lang.String, java.lang.Object>> org.springframework.boot.autoconfigure.web.BasicErrorController.error(javax.servlet.http.HttpServletRequest)
2017-11-22 21:53:37.644  [main] INFO  o.s.w.s.m.m.a.RequestMappingHandlerMapping - Mapped "{[/error],produces=[text/html]}" onto public org.springframework.web.servlet.ModelAndView org.springframework.boot.autoconfigure.web.BasicErrorController.errorHtml(javax.servlet.http.HttpServletRequest,javax.servlet.http.HttpServletResponse)
2017-11-22 21:53:37.659  [main] INFO  o.s.w.s.h.SimpleUrlHandlerMapping - Mapped URL path [/webjars/**] onto handler of type [class org.springframework.web.servlet.resource.ResourceHttpRequestHandler]
2017-11-22 21:53:37.659  [main] INFO  o.s.w.s.h.SimpleUrlHandlerMapping - Mapped URL path [/**] onto handler of type [class org.springframework.web.servlet.resource.ResourceHttpRequestHandler]
2017-11-22 21:53:37.675  [main] INFO  o.s.w.s.h.SimpleUrlHandlerMapping - Mapped URL path [/**/favicon.ico] onto handler of type [class org.springframework.web.servlet.resource.ResourceHttpRequestHandler]
2017-11-22 21:53:38.112  [main] INFO  o.s.j.e.a.AnnotationMBeanExporter - Registering beans for JMX exposure on startup
2017-11-22 21:53:38.128  [main] INFO  o.s.j.e.a.AnnotationMBeanExporter - Bean with name 'environmentManager' has been autodetected for JMX exposure
2017-11-22 21:53:38.128  [main] INFO  o.s.j.e.a.AnnotationMBeanExporter - Bean with name 'configurationPropertiesRebinder' has been autodetected for JMX exposure
2017-11-22 21:53:38.128  [main] INFO  o.s.j.e.a.AnnotationMBeanExporter - Bean with name 'refreshScope' has been autodetected for JMX exposure
2017-11-22 21:53:38.128  [main] INFO  o.s.j.e.a.AnnotationMBeanExporter - Located managed bean 'environmentManager': registering with JMX server as MBean [org.springframework.cloud.context.environment:name=environmentManager,type=EnvironmentManager]
2017-11-22 21:53:38.128  [main] INFO  o.s.j.e.a.AnnotationMBeanExporter - Located managed bean 'refreshScope': registering with JMX server as MBean [org.springframework.cloud.context.scope.refresh:name=refreshScope,type=RefreshScope]
2017-11-22 21:53:38.144  [main] INFO  o.s.j.e.a.AnnotationMBeanExporter - Located managed bean 'configurationPropertiesRebinder': registering with JMX server as MBean [org.springframework.cloud.context.properties:name=configurationPropertiesRebinder,context=63b1d4fa,type=ConfigurationPropertiesRebinder]
2017-11-22 21:53:38.237  [main] INFO  o.s.b.c.e.t.TomcatEmbeddedServletContainer - Tomcat started on port(s): 8768 (http)
2017-11-22 21:53:38.237  [main] INFO  c.z.m.s.ServiceCustomerplanApplication - Started ServiceCustomerplanApplication in 2.531 seconds (JVM running for 2.961)
2017-11-22 21:53:50.696  [http-nio-8768-exec-1] INFO  o.a.c.c.C.[Tomcat].[localhost].[/] - Initializing Spring FrameworkServlet 'dispatcherServlet'
2017-11-22 21:53:50.697  [http-nio-8768-exec-1] INFO  o.s.web.servlet.DispatcherServlet - FrameworkServlet 'dispatcherServlet': initialization started
2017-11-22 21:53:50.710  [http-nio-8768-exec-1] INFO  o.s.web.servlet.DispatcherServlet - FrameworkServlet 'dispatcherServlet': initialization completed in 13 ms
